2021-09-07 22:36:13 WARNING  n13op130_03:MeasureList -- bs4_measures.py (line 692) make_offset_col():
	The incomplete MC 67 (timesig 1, act_dur 5/8) is completed by 1 incorrect duration (expected: 3/8):
	{68: Fraction(1, 1)}
2021-09-07 22:36:14 WARNING  n06op18-6_04:MeasureList -- bs4_measures.py (line 197) check_measure_numbers():
	MC 45 seems to be offset from the MN's beginning but has not been excluded from barcount. Context:
	    mc  mn act_dur mc_offset  dont_count  numbering_offset
	43  44  44    5/16         0        <NA>              <NA>
	44  45  45    3/16      3/16        <NA>              <NA>
	45  46  46     3/8         0        <NA>              <NA>
2021-09-07 22:36:15 WARNING  n04op18-4_01:MeasureList -- bs4_measures.py (line 692) make_offset_col():
	The incomplete MC 221 (timesig 1, act_dur 3/4) is completed by 1 incorrect duration (expected: 1/4):
	{79: Fraction(1, 1)}
2021-09-07 22:36:16 WARNING  n12op127_02:MeasureList -- bs4_measures.py (line 692) make_offset_col():
	The incomplete MC 40 (timesig 3/2, act_dur 7/8) is completed by 1 incorrect duration (expected: 5/8):
	{41: Fraction(3, 8)}
2021-09-07 22:36:16 WARNING  n12op127_02:MeasureList -- bs4_measures.py (line 692) make_offset_col():
	The incomplete MC 79 (timesig 1, act_dur 1/2) is completed by 1 incorrect duration (expected: 1/2):
	{80: Fraction(3, 4)}
2021-09-07 22:36:17 WARNING  n07op59-1_02:MeasureList -- bs4_measures.py (line 566) squash_staves():
	mc 500    126
	Name: mc, dtype: int64: The values ['6' '6.5'] in 'vspacerDown' of staff [2 3] are lost.
2021-09-07 22:36:17 WARNING  n07op59-1_02:MeasureList -- bs4_measures.py (line 566) squash_staves():
	mc 920    231
	Name: mc, dtype: int64: The values ['6' '7'] in 'vspacerDown' of staff [2 3] are lost.
2021-09-07 22:36:18 WARNING  n07op59-1_02:MeasureList -- bs4_measures.py (line 563) squash_staves():
	mc 1148    288
	Name: mc, dtype: int64: The value '6' in 'vspacerDown' of staff [2] is lost.
2021-09-07 22:36:18 WARNING  n07op59-1_02:MeasureList -- bs4_measures.py (line 566) squash_staves():
	mc 1256    315
	Name: mc, dtype: int64: The values ['7' '6'] in 'vspacerDown' of staff [2 3] are lost.
2021-09-07 22:36:18 WARNING  n07op59-1_02:MeasureList -- bs4_measures.py (line 566) squash_staves():
	mc 1504    377
	Name: mc, dtype: int64: The values ['7' '8'] in 'vspacerDown' of staff [2 3] are lost.
2021-09-07 22:36:22 WARNING  n07op59-1_03:MeasureList -- bs4_measures.py (line 566) squash_staves():
	mc 20    6
	Name: mc, dtype: int64: The values ['6.5' '7.5'] in 'vspacerDown' of staff [2 3] are lost.
2021-09-07 22:36:22 WARNING  n07op59-1_03:MeasureList -- bs4_measures.py (line 563) squash_staves():
	mc 120    31
	Name: mc, dtype: int64: The value '6.5' in 'vspacerDown' of staff [2] is lost.
2021-09-07 22:36:22 WARNING  n07op59-1_03:MeasureList -- bs4_measures.py (line 566) squash_staves():
	mc 140    36
	Name: mc, dtype: int64: The values ['5.5' '8.5'] in 'vspacerDown' of staff [2 3] are lost.
2021-09-07 22:36:22 WARNING  n07op59-1_03:MeasureList -- bs4_measures.py (line 566) squash_staves():
	mc 168    43
	Name: mc, dtype: int64: The values ['8.5' '7'] in 'vspacerDown' of staff [2 3] are lost.
2021-09-07 22:36:23 WARNING  n07op59-1_03:MeasureList -- bs4_measures.py (line 566) squash_staves():
	mc 252    64
	Name: mc, dtype: int64: The values ['7' '8'] in 'vspacerDown' of staff [2 3] are lost.
2021-09-07 22:36:23 WARNING  n07op59-1_03:MeasureList -- bs4_measures.py (line 566) squash_staves():
	mc 312    79
	Name: mc, dtype: int64: The values ['8' '7'] in 'vspacerDown' of staff [2 3] are lost.
2021-09-07 22:36:23 WARNING  n07op59-1_03:MeasureList -- bs4_measures.py (line 566) squash_staves():
	mc 316    80
	Name: mc, dtype: int64: The values ['6.5' '6'] in 'vspacerDown' of staff [2 3] are lost.
2021-09-07 22:36:23 WARNING  n07op59-1_03:MeasureList -- bs4_measures.py (line 563) squash_staves():
	mc 368    93
	Name: mc, dtype: int64: The value '7.5' in 'vspacerDown' of staff [3] is lost.
2021-09-07 22:36:23 WARNING  n07op59-1_03:MeasureList -- bs4_measures.py (line 563) squash_staves():
	mc 436    110
	Name: mc, dtype: int64: The value '6' in 'vspacerDown' of staff [2] is lost.
2021-09-07 22:36:23 WARNING  n07op59-1_03:MeasureList -- bs4_measures.py (line 563) squash_staves():
	mc 464    117
	Name: mc, dtype: int64: The value '6' in 'vspacerDown' of staff [2] is lost.
2021-09-07 22:36:23 WARNING  n07op59-1_03:MeasureList -- bs4_measures.py (line 566) squash_staves():
	mc 468    118
	Name: mc, dtype: int64: The values ['7' '6.5'] in 'vspacerDown' of staff [2 3] are lost.
2021-09-07 22:36:23 WARNING  n07op59-1_03:MeasureList -- bs4_measures.py (line 566) squash_staves():
	mc 480    121
	Name: mc, dtype: int64: The values ['9' '6.5'] in 'vspacerDown' of staff [2 3] are lost.
2021-09-07 22:36:23 WARNING  n07op59-1_03:MeasureList -- bs4_measures.py (line 566) squash_staves():
	mc 500    126
	Name: mc, dtype: int64: The values ['6.5' '6'] in 'vspacerDown' of staff [2 3] are lost.
2021-09-07 22:36:29 WARNING  n07op59-1_01:MeasureList -- bs4_measures.py (line 563) squash_staves():
	mc 272    69
	Name: mc, dtype: int64: The value '7.1' in 'vspacerDown' of staff [3] is lost.
2021-09-07 22:36:30 WARNING  n07op59-1_01:MeasureList -- bs4_measures.py (line 566) squash_staves():
	mc 1580    396
	Name: mc, dtype: int64: The values ['6.5' '7'] in 'vspacerDown' of staff [2 3] are lost.
2021-09-07 22:36:47 ERROR    n10op74_02 -- score.py (line 1279) parse_mscx():
	Failed parsing /home/hentsche/ABC/MS3/n10op74_02.mscx.
2021-09-07 22:36:47 ERROR    n10op74_01 -- score.py (line 1279) parse_mscx():
	Failed parsing /home/hentsche/ABC/MS3/n10op74_01.mscx.
2021-09-07 22:36:47 ERROR    n14op131_05 -- score.py (line 1279) parse_mscx():
	Failed parsing /home/hentsche/ABC/MS3/n14op131_05.mscx.
2021-09-07 22:36:47 ERROR    n11op95_03 -- score.py (line 1279) parse_mscx():
	Failed parsing /home/hentsche/ABC/MS3/n11op95_03.mscx.
2021-09-07 22:36:47 ERROR    n12op127_04 -- score.py (line 1279) parse_mscx():
	Failed parsing /home/hentsche/ABC/MS3/n12op127_04.mscx.
2021-09-07 22:36:47 ERROR    n08op59-2_01 -- score.py (line 1279) parse_mscx():
	Failed parsing /home/hentsche/ABC/MS3/n08op59-2_01.mscx.
2021-09-07 22:36:47 ERROR    n02op18-2_01 -- score.py (line 1279) parse_mscx():
	Failed parsing /home/hentsche/ABC/MS3/n02op18-2_01.mscx.
2021-09-07 22:36:47 ERROR    Parse -- parse.py (line 1060) get_lists():
	No scores or TSV files have been parsed so far.
2021-09-07 22:36:47 ERROR    n13op130_06 -- score.py (line 1279) parse_mscx():
	Failed parsing /home/hentsche/ABC/MS3/n13op130_06.mscx.
2021-09-07 22:42:03 WARNING  n13op130_03:MeasureList -- bs4_measures.py (line 690) make_offset_col():
	The incomplete MC 67 (timesig 1, act_dur 5/8) is completed by 1 incorrect duration (expected: 3/8):
	{68: Fraction(1, 1)}
2021-09-07 22:42:03 WARNING  n06op18-6_04:MeasureList -- bs4_measures.py (line 197) check_measure_numbers():
	MC 45 seems to be offset from the MN's beginning but has not been excluded from barcount. Context:
	    mc  mn act_dur mc_offset  dont_count  numbering_offset
	43  44  44    5/16         0        <NA>              <NA>
	44  45  45    3/16      3/16        <NA>              <NA>
	45  46  46     3/8         0        <NA>              <NA>
2021-09-07 22:42:04 WARNING  n04op18-4_01:MeasureList -- bs4_measures.py (line 690) make_offset_col():
	The incomplete MC 221 (timesig 1, act_dur 3/4) is completed by 1 incorrect duration (expected: 1/4):
	{79: Fraction(1, 1)}
2021-09-07 22:42:05 WARNING  n12op127_02:MeasureList -- bs4_measures.py (line 690) make_offset_col():
	The incomplete MC 40 (timesig 3/2, act_dur 7/8) is completed by 1 incorrect duration (expected: 5/8):
	{41: Fraction(3, 8)}
2021-09-07 22:42:05 WARNING  n12op127_02:MeasureList -- bs4_measures.py (line 690) make_offset_col():
	The incomplete MC 79 (timesig 1, act_dur 1/2) is completed by 1 incorrect duration (expected: 1/2):
	{80: Fraction(3, 4)}
2021-09-07 22:42:45 WARNING  n05op18-5_01:MeasureList -- bs4_measures.py (line 760) treat_group():
	The incorrect structure {1: [220], 2: [222]} of the volta groupa of MC 220 has been corrected to {1: [220, 221], 2: [222]}.
2021-09-07 22:42:45 WARNING  n05op18-5_01:MeasureList -- bs4_measures.py (line 186) check_measure_numbers():
	MC 80, the 1st measure of a 2nd volta, should have MN 79, not MN 80.
2021-09-07 22:42:45 WARNING  n05op18-5_01:MeasureList -- bs4_measures.py (line 186) check_measure_numbers():
	MC 222, the 1st measure of a 2nd volta, should have MN 220, not MN 222.
