INFO     n04op18-4_01.ms3 -- Attempting to parse n04op18-4_01.mscx
ERROR    n04op18-4_01.ms3 -- Volta with range [79] contains startRepeat!
WARNING  n04op18-4_01.ms3 -- Final volta with MC [79] contains a repeat sign.
INFO     n04op18-4_01.ms3 -- Done parsing n04op18-4_01.mscx

WARNING  n04op18-4_01.expand_labels -- The following chords could not be parsed:
      mc   mn onset label
113   41   40   1/2    V9
192   66   65   1/4  V9/V
480  191  189   1/4  V9/V
WARNING  n04op18-4_01.expand_labels -- MC 51: #viio64 in major context is most probably an annotation error.
WARNING  n04op18-4_01.expand_labels -- MC 185: #viio7 in major context is most probably an annotation error.
WARNING  n04op18-4_01.expand_labels -- MC 204: #viio7 in major context is most probably an annotation error.
WARNING  n04op18-4_01.expand_labels -- MC 185: #viio43 in major context is most probably an annotation error.
WARNING  n04op18-4_01.expand_labels -- MC 191: #viio43 in major context is most probably an annotation error.
WARNING  n04op18-4_01.expand_labels -- MC 60: #viio7 in major context is most probably an annotation error.
WARNING  n04op18-4_01.expand_labels -- MC 84: #viio7 in major context is most probably an annotation error.
WARNING  n04op18-4_01.expand_labels -- MC 176: #viio64 in major context is most probably an annotation error.
WARNING  n04op18-4_01.expand_labels -- MC 144: #viio7 in major context is most probably an annotation error.
WARNING  n04op18-4_01.expand_labels -- MC 66: #viio43 in major context is most probably an annotation error.
WARNING  n04op18-4_01.expand_labels -- MC 170: #vii%7(+2) in major context is most probably an annotation error.
