INFO     n05op18-5_04.ms3 -- Attempting to parse n05op18-5_04.mscx
WARNING  n05op18-5_04.ms3 -- Single volta: [[96]]. Delete it or add another one.
WARNING  n05op18-5_04.ms3 -- MC 1 seems to be a pickup measure but has not been excluded from bar count!
WARNING  n05op18-5_04.ms3 -- MC 95 (5/8) and MC 96 (1) don't add up to 1.
WARNING  n05op18-5_04.ms3 -- MC 98 is completing MC 97 but has not been excluded from bar count!
INFO     n05op18-5_04.ms3 -- Done parsing n05op18-5_04.mscx

WARNING  n05op18-5_04.expand_labels -- The following chords could not be parsed:
     mc  mn onset label
165  75  75     0    V9
170  79  79     0    V9
WARNING  n05op18-5_04.expand_labels -- MC 167: #viio43 in major context is most probably an annotation error.
WARNING  n05op18-5_04.expand_labels -- MC 189: #viio in major context is most probably an annotation error.
WARNING  n05op18-5_04.expand_labels -- MC 41: #viio43 in major context is most probably an annotation error.
WARNING  n05op18-5_04.expand_labels -- MC 26: #viio6 in major context is most probably an annotation error.
WARNING  n05op18-5_04.expand_labels -- MC 190: #viio in major context is most probably an annotation error.
WARNING  n05op18-5_04.expand_labels -- MC 23: #viio65 in major context is most probably an annotation error.
WARNING  n05op18-5_04.expand_labels -- MC 200: #viio6 in major context is most probably an annotation error.
WARNING  n05op18-5_04.expand_labels -- MC 196: In seventh chords, such as vi43(7), it is not clear whether the 7 alters the 7 or replaces the 8 and should not be used.
WARNING  n05op18-5_04.expand_labels -- MC 23: #viio65(2) in major context is most probably an annotation error.
WARNING  n05op18-5_04.expand_labels -- MC 163: #viio7 in major context is most probably an annotation error.
WARNING  n05op18-5_04.expand_labels -- MC 42: #viio6 in major context is most probably an annotation error.
WARNING  n05op18-5_04.expand_labels -- MC 155: #viio7 in major context is most probably an annotation error.
WARNING  n05op18-5_04.expand_labels -- MC 165: #viio2 in major context is most probably an annotation error.
WARNING  n05op18-5_04.expand_labels -- MC 39: #viio43 in major context is most probably an annotation error.
WARNING  n05op18-5_04.expand_labels -- MC 38: #viio7 in major context is most probably an annotation error.
WARNING  n05op18-5_04.expand_labels -- MC 159: #viio43 in major context is most probably an annotation error.
WARNING  n05op18-5_04.expand_labels -- MC 26: #viio6(2) in major context is most probably an annotation error.
