INFO     n08op59-2_01.ms3 -- Attempting to parse n08op59-2_01.mscx
ERROR    n08op59-2_01.ms3 -- Score contains ambiguous barnumbers at measure counts 72, 210, possibly caused by MuseScore's 'Add to bar number' or 'Section break' function.
WARNING  n08op59-2_01.ms3 -- Voltas with measure COUNTS [[69, 70], [71, 72, 73]] have different lengths.
    Check measure NUMBERS with authoritative score. To silence the warning, either make all voltas
    the same length or exclude all measures in voltas > 1 from the bar count.
WARNING  n08op59-2_01.ms3 -- Voltas with measure COUNTS [[211, 212, 213, 214], [215]] have different lengths.
    Check measure NUMBERS with authoritative score. To silence the warning, either make all voltas
    the same length or exclude all measures in voltas > 1 from the bar count.
WARNING  n08op59-2_01.ms3 -- MCs [71 73] in volta [71, 72, 73] have not been excluded from barcount.
INFO     n08op59-2_01.ms3 -- Done parsing n08op59-2_01.mscx

WARNING  n08op59-2_01.expand_labels -- The following chords could not be parsed:
     mc  mn onset  label
186  90  88   1/8  V9/ii
WARNING  n08op59-2_01.expand_labels -- MC 198: #viio65 in major context is most probably an annotation error.
WARNING  n08op59-2_01.expand_labels -- MC 195: #viio43 in major context is most probably an annotation error.
WARNING  n08op59-2_01.expand_labels -- MC 50: #viio7 in major context is most probably an annotation error.
WARNING  n08op59-2_01.expand_labels -- MC 196: #viio7 in major context is most probably an annotation error.
WARNING  n08op59-2_01.expand_labels -- MC 32: #viio7 in major context is most probably an annotation error.
WARNING  n08op59-2_01.expand_labels -- MC 194: #viio7 in major context is most probably an annotation error.
WARNING  n08op59-2_01.expand_labels -- MC 169: #viio7 in major context is most probably an annotation error.
WARNING  n08op59-2_01.expand_labels -- MC 200: #viio43 in major context is most probably an annotation error.
WARNING  n08op59-2_01.expand_labels -- MC 60: #viio7 in major context is most probably an annotation error.
WARNING  n08op59-2_01.expand_labels -- MC 50: #viio65 in major context is most probably an annotation error.
WARNING  n08op59-2_01.expand_labels -- MC 168: #viio7 in major context is most probably an annotation error.
WARNING  n08op59-2_01.expand_labels -- MC 184: #viio7 in major context is most probably an annotation error.
WARNING  n08op59-2_01.expand_labels -- MC 138: #viio in major context is most probably an annotation error.
WARNING  n08op59-2_01.expand_labels -- MC 198: #viio43 in major context is most probably an annotation error.
WARNING  n08op59-2_01.expand_labels -- MC 18: #viio7 in major context is most probably an annotation error.
WARNING  n08op59-2_01.expand_labels -- MC 32: #viio43 in major context is most probably an annotation error.
WARNING  n08op59-2_01.expand_labels -- MC 53: #viio2 in major context is most probably an annotation error.
WARNING  n08op59-2_01.expand_labels -- MC 192: #viio7 in major context is most probably an annotation error.
WARNING  n08op59-2_01.expand_labels -- MC 54: #viio7 in major context is most probably an annotation error.
WARNING  n08op59-2_01.expand_labels -- MC 61: #viio65 in major context is most probably an annotation error.
WARNING  n08op59-2_01.expand_labels -- MC 195: #viio2 in major context is most probably an annotation error.
WARNING  n08op59-2_01.expand_labels -- MC 31: #viio7 in major context is most probably an annotation error.
WARNING  n08op59-2_01.expand_labels -- MC 122: #viio7 in major context is most probably an annotation error.
