INFO     n09op59-3_02.ms3 -- Attempting to parse n09op59-3_02.mscx
WARNING  n09op59-3_02.ms3 -- First measure of staff 1 has a startRepeat tag. Information overwritten by 'firstMeasure'
WARNING  n09op59-3_02.ms3 -- Voltas with measure COUNTS [[5, 6], [7]] have different lengths.
    Check measure NUMBERS with authoritative score. To silence the warning, either make all voltas
    the same length or exclude all measures in voltas > 1 from the bar count.
WARNING  n09op59-3_02.ms3 -- MC 7 in volta [7] has not been excluded from barcount.
WARNING  n09op59-3_02.ms3 -- MC 23 in volta [23] has not been excluded from barcount.
INFO     n09op59-3_02.ms3 -- Done parsing n09op59-3_02.mscx

WARNING  n09op59-3_02.expand_labels -- The following chords could not be parsed:
     mc  mn onset      label
61   28  28   3/8      vi.V9
64   30  30     0         V9
65   30  30   5/8      V9(4)
66   31  31     0         V9
68   31  31   5/8      V9(4)
69   32  32     0         V9
70   32  32   5/8      V9(4)
166  68  68   5/8  .bv.V9(4)
167  69  69     0         V9
169  69  69   5/8      V9(4)
170  70  70     0         V9
172  70  70   5/8      V9(4)
173  71  71     0         V9
WARNING  n09op59-3_02.expand_labels -- MC 173: #viio2 in major context is most probably an annotation error.
WARNING  n09op59-3_02.expand_labels -- MC 38: #vii in major context is most probably an annotation error.
WARNING  n09op59-3_02.expand_labels -- MC 117: #viio43 in major context is most probably an annotation error.
WARNING  n09op59-3_02.expand_labels -- MC 39: #viio2 in major context is most probably an annotation error.
WARNING  n09op59-3_02.expand_labels -- MC 14: #viio43 in major context is most probably an annotation error.
WARNING  n09op59-3_02.expand_labels -- MC 35: #viio7 in major context is most probably an annotation error.
WARNING  n09op59-3_02.expand_labels -- MC 160: #viio2 in major context is most probably an annotation error.
WARNING  n09op59-3_02.expand_labels -- MC 115: #viio43 in major context is most probably an annotation error.
WARNING  n09op59-3_02.expand_labels -- MC 114: #viio7 in major context is most probably an annotation error.
WARNING  n09op59-3_02.expand_labels -- MC 17: #viio in major context is most probably an annotation error.
WARNING  n09op59-3_02.expand_labels -- MC 171: #viio2 in major context is most probably an annotation error.
WARNING  n09op59-3_02.expand_labels -- MC 113: #viio7 in major context is most probably an annotation error.
WARNING  n09op59-3_02.expand_labels -- MC 16: #viio2 in major context is most probably an annotation error.
WARNING  n09op59-3_02.expand_labels -- MC 16: #viio43 in major context is most probably an annotation error.
WARNING  n09op59-3_02.expand_labels -- MC 42: #viio2 in major context is most probably an annotation error.
WARNING  n09op59-3_02.expand_labels -- MC 174: #viio2 in major context is most probably an annotation error.
WARNING  n09op59-3_02.expand_labels -- MC 159: #viio2 in major context is most probably an annotation error.
WARNING  n09op59-3_02.expand_labels -- MC 14: #viio2 in major context is most probably an annotation error.
WARNING  n09op59-3_02.expand_labels -- MC 171: #viio43 in major context is most probably an annotation error.
WARNING  n09op59-3_02.expand_labels -- MC 17: #viio2 in major context is most probably an annotation error.
WARNING  n09op59-3_02.expand_labels -- MC 40: #viio43 in major context is most probably an annotation error.
WARNING  n09op59-3_02.expand_labels -- MC 36: #viio7 in major context is most probably an annotation error.
WARNING  n09op59-3_02.expand_labels -- MC 157: #viio2 in major context is most probably an annotation error.
WARNING  n09op59-3_02.expand_labels -- MC 116: #viio43 in major context is most probably an annotation error.
WARNING  n09op59-3_02.expand_labels -- MC 174: #viio43 in major context is most probably an annotation error.
WARNING  n09op59-3_02.expand_labels -- MC 173: #viio43 in major context is most probably an annotation error.
WARNING  n09op59-3_02.expand_labels -- MC 41: #viio2 in major context is most probably an annotation error.
WARNING  n09op59-3_02.expand_labels -- MC 42: #viio43 in major context is most probably an annotation error.
