INFO     n11op95_02.ms3 -- Attempting to parse n11op95_02.mscx
INFO     n11op95_02.ms3 -- Done parsing n11op95_02.mscx

WARNING  n11op95_02.expand_labels -- The following chords could not be parsed:
      mc   mn onset       label
ix                             
109   56   56   1/8  VII2/.bvii
110   56   56   1/4    V7/.bvii
112   57   57   1/4    V7/.bvii
287  149  149     0    V7/.bIII
289  150  150     0    V7/.bIII
WARNING  n11op95_02.expand_labels -- MC 170: #viio in major context is most probably an annotation error.
WARNING  n11op95_02.expand_labels -- MC 51: #viio43 in major context is most probably an annotation error.
WARNING  n11op95_02.expand_labels -- MC 122: #viio43 in major context is most probably an annotation error.
WARNING  n11op95_02.expand_labels -- MC 40: #viio64 in major context is most probably an annotation error.
WARNING  n11op95_02.expand_labels -- MC 53: #viio7 in major context is most probably an annotation error.
WARNING  n11op95_02.expand_labels -- MC 102: #viio7 in major context is most probably an annotation error.
WARNING  n11op95_02.expand_labels -- MC 48: #viio6(2) in major context is most probably an annotation error.
WARNING  n11op95_02.expand_labels -- MC 192: #viio65 in major context is most probably an annotation error.
WARNING  n11op95_02.expand_labels -- MC 48: #viio6 in major context is most probably an annotation error.
WARNING  n11op95_02.expand_labels -- MC 11: #viio43 in major context is most probably an annotation error.
WARNING  n11op95_02.expand_labels -- MC 39: #viio(2) in major context is most probably an annotation error.
