INFO     n13op130_01.ms3 -- Attempting to parse n13op130_01.mscx
WARNING  n13op130_01.ms3 -- First measure of staff 1 has a startRepeat tag. Information overwritten by 'firstMeasure'
WARNING  n13op130_01.ms3 -- Voltas with measure COUNTS [[93, 94], [95]] have different lengths.
    Check measure NUMBERS with authoritative score. To silence the warning, either make all voltas
    the same length or exclude all measures in voltas > 1 from the bar count.
WARNING  n13op130_01.ms3 -- MC 95 in volta [95] has not been excluded from barcount.
INFO     n13op130_01.ms3 -- Done parsing n13op130_01.mscx

WARNING  n13op130_01.expand_labels -- MC 61: #viio7(4) in major context is most probably an annotation error.
WARNING  n13op130_01.expand_labels -- MC 13: #viio7 in major context is most probably an annotation error.
WARNING  n13op130_01.expand_labels -- MC 62: #viio65 in major context is most probably an annotation error.
WARNING  n13op130_01.expand_labels -- MC 162: #viio in major context is most probably an annotation error.
WARNING  n13op130_01.expand_labels -- MC 41: #viio6 in major context is most probably an annotation error.
WARNING  n13op130_01.expand_labels -- MC 231: #viio in major context is most probably an annotation error.
WARNING  n13op130_01.expand_labels -- MC 41: #viio in major context is most probably an annotation error.
WARNING  n13op130_01.expand_labels -- MC 174: #viio7 in major context is most probably an annotation error.
WARNING  n13op130_01.expand_labels -- MC 61: #viio7 in major context is most probably an annotation error.
WARNING  n13op130_01.expand_labels -- MC 154: #viio in major context is most probably an annotation error.
WARNING  n13op130_01.expand_labels -- MC 60: #viio7 in major context is most probably an annotation error.
WARNING  n13op130_01.expand_labels -- MC 141: #viio7 in major context is most probably an annotation error.
WARNING  n13op130_01.expand_labels -- MC 207: #viio(+2) in major context is most probably an annotation error.
WARNING  n13op130_01.expand_labels -- MC 216: #viio6 in major context is most probably an annotation error.
WARNING  n13op130_01.expand_labels -- MC 14: #viio43 in major context is most probably an annotation error.
WARNING  n13op130_01.expand_labels -- MC 75: #viio in major context is most probably an annotation error.
WARNING  n13op130_01.expand_labels -- MC 84: #viio in major context is most probably an annotation error.
WARNING  n13op130_01.expand_labels -- MC 145: #viio7 in major context is most probably an annotation error.
WARNING  n13op130_01.expand_labels -- MC 226: #viio43 in major context is most probably an annotation error.
WARNING  n13op130_01.expand_labels -- MC 39: #viio6 in major context is most probably an annotation error.
WARNING  n13op130_01.expand_labels -- MC 161: #viio in major context is most probably an annotation error.
WARNING  n13op130_01.expand_labels -- MC 227: #viio43 in major context is most probably an annotation error.
WARNING  n13op130_01.expand_labels -- MC 158: #viio in major context is most probably an annotation error.
WARNING  n13op130_01.expand_labels -- MC 11: #viio in major context is most probably an annotation error.
WARNING  n13op130_01.expand_labels -- MC 39: #viio in major context is most probably an annotation error.
WARNING  n13op130_01.expand_labels -- MC 56: #viio7 in major context is most probably an annotation error.
WARNING  n13op130_01.expand_labels -- MC 140: #viio7 in major context is most probably an annotation error.
