INFO     n15op132_01.ms3 -- Attempting to parse n15op132_01.mscx
INFO     n15op132_01.ms3 -- Done parsing n15op132_01.mscx

WARNING  n15op132_01.expand_labels -- The following chords could not be parsed:
      mc   mn onset  label
44    22   22     0     V9
179   81   81     0  V9(6)
180   81   81   1/4     V9
247  109  109     0     V9
302  136  136     0  V9(4)
303  136  136   1/4     V9
WARNING  n15op132_01.expand_labels -- MC 154: #viio6 in major context is most probably an annotation error.
WARNING  n15op132_01.expand_labels -- MC 183: #viio7 in major context is most probably an annotation error.
WARNING  n15op132_01.expand_labels -- MC 7: #viio7 in major context is most probably an annotation error.
WARNING  n15op132_01.expand_labels -- MC 4: #viio7 in major context is most probably an annotation error.
WARNING  n15op132_01.expand_labels -- MC 72: #viio7 in major context is most probably an annotation error.
WARNING  n15op132_01.expand_labels -- MC 221: #viio43 in major context is most probably an annotation error.
WARNING  n15op132_01.expand_labels -- MC 197: #viio in major context is most probably an annotation error.
WARNING  n15op132_01.expand_labels -- MC 222: #viio7 in major context is most probably an annotation error.
WARNING  n15op132_01.expand_labels -- MC 66: #viio6 in major context is most probably an annotation error.
WARNING  n15op132_01.expand_labels -- MC 80: The change 5 has no effect in i64
WARNING  n15op132_01.expand_labels -- MC 87: In seventh chords, such as viio65(74b3), it is not clear whether the 7 alters the 7 or replaces the 8 and should not be used.
WARNING  n15op132_01.expand_labels -- MC 187: #viio7 in major context is most probably an annotation error.
WARNING  n15op132_01.expand_labels -- MC 158: #viio7 in major context is most probably an annotation error.
WARNING  n15op132_01.expand_labels -- MC 218: #viio43 in major context is most probably an annotation error.
WARNING  n15op132_01.expand_labels -- MC 186: #viio7 in major context is most probably an annotation error.
WARNING  n15op132_01.expand_labels -- MC 154: #viio6(2) in major context is most probably an annotation error.
WARNING  n15op132_01.expand_labels -- MC 219: #viio43 in major context is most probably an annotation error.
WARNING  n15op132_01.expand_labels -- MC 3: #viio43 in major context is most probably an annotation error.
WARNING  n15op132_01.expand_labels -- MC 180: #viio6 in major context is most probably an annotation error.
WARNING  n15op132_01.expand_labels -- MC 68: #viio7 in major context is most probably an annotation error.
WARNING  n15op132_01.expand_labels -- MC 185: #viio65 in major context is most probably an annotation error.
WARNING  n15op132_01.expand_labels -- MC 179: #viio in major context is most probably an annotation error.
WARNING  n15op132_01.expand_labels -- MC 71: #viio7 in major context is most probably an annotation error.
WARNING  n15op132_01.expand_labels -- MC 70: #viio65 in major context is most probably an annotation error.
