INFO     n15op132_02.ms3 -- Attempting to parse n15op132_02.mscx
WARNING  n15op132_02.ms3 -- First measure of staff 1 has a startRepeat tag. Information overwritten by 'firstMeasure'
WARNING  n15op132_02.ms3 -- Voltas with measure COUNTS [[22], [23, 24, 25]] have different lengths.
    Check measure NUMBERS with authoritative score. To silence the warning, either make all voltas
    the same length or exclude all measures in voltas > 1 from the bar count.
WARNING  n15op132_02.ms3 -- Voltas with measure COUNTS [[100, 101, 102, 103, 104], [105, 106]] have different lengths.
    Check measure NUMBERS with authoritative score. To silence the warning, either make all voltas
    the same length or exclude all measures in voltas > 1 from the bar count.
WARNING  n15op132_02.ms3 -- MCs [23 24 25] in volta [23, 24, 25] have not been excluded from barcount.
WARNING  n15op132_02.ms3 -- MCs [105 106] in volta [105, 106] have not been excluded from barcount.
WARNING  n15op132_02.ms3 -- MC 125 (1/2) and MC 126 (3/4) don't add up to 3/4.
INFO     n15op132_02.ms3 -- Done parsing n15op132_02.mscx

ERROR    n15op132_02 -- Could not expand labels due to errors:
Traceback (most recent call last):
  File "../corpora/scripts/parallel_parse.py", line 80, in parse
    expanded = expand_labels(chord_list, column='label', regex=REGEX, chord_tones=True, groupby=None, logger_name=S.fname).df
  File "/home/hentsche/corpora/scripts/expand_labels.py", line 421, in __init__
    df = self.propagate_pedal(df, cols=cols)
  File "/home/hentsche/corpora/scripts/expand_labels.py", line 747, in propagate_pedal
    assert n_b == n_e, f"{n_b} organ points started, {n_e} ended:\n{make_comparison()}"
AssertionError: 2 organ points started, 1 ended:
    mc pedal    mc pedalend
0  126     I   148        ]
1  228     I  <NA>      NaN
