INFO     Attempting to parse n01op18-1_01.mscx
INFO     Done parsing n01op18-1_01.mscx

WARNING  The following chords could not be parsed:
      mc   mn onset  label
69    56   56     0  @none
78    60   60   1/2  @none
87    64   64   3/8  @none
96    68   68   1/2  @none
165  135  135     0  @none
167  136  136   1/4  @none
177  141  141     0  @none
179  142  142   1/4  @none
234  187  187     0  @none
284  217  217     0  @none
293  221  221   1/2  @none
302  225  225   3/8  @none
311  229  229   1/2  @none
WARNING  #viio7 in major context is most probably an annotation error.
WARNING  #viio7(b4) in major context is most probably an annotation error.
WARNING  #viio7 in major context is most probably an annotation error.
WARNING  Failed to expand labels due to syntactic errors.
INFO     Attempting to parse n01op18-1_02.mscx
INFO     Done parsing n01op18-1_02.mscx

WARNING  The following chords could not be parsed:
      mc   mn onset  label
ix                        
220   91   91     0  @none
260  109  109     0     V9
WARNING  #viio7 in major context is most probably an annotation error.
WARNING  #viio in major context is most probably an annotation error.
WARNING  #viio7 in major context is most probably an annotation error.
WARNING  Failed to expand labels due to syntactic errors.
INFO     Attempting to parse n01op18-1_03.mscx
INFO     Done parsing n01op18-1_03.mscx

WARNING  The following chords could not be parsed:
     mc  mn onset  label
140  75  75   1/4  @none
WARNING  #viio7 in major context is most probably an annotation error.
WARNING  #viio43 in major context is most probably an annotation error.
WARNING  #vii%7 in major context is most probably an annotation error.
WARNING  #viio43 in major context is most probably an annotation error.
WARNING  #viio7 in major context is most probably an annotation error.
WARNING  Failed to expand labels due to syntactic errors.
INFO     Attempting to parse n01op18-1_04.mscx
INFO     Done parsing n01op18-1_04.mscx

WARNING  The following chords could not be parsed:
      mc   mn onset  label
ix                        
410  265  265     0  @none
468  301  301     0  @none
521  329  329     0  @none
524  331  331     0  @none
WARNING  #viio7 in major context is most probably an annotation error.
WARNING  #viio6 in major context is most probably an annotation error.
WARNING  #viio2 in major context is most probably an annotation error.
WARNING  #viio in major context is most probably an annotation error.
WARNING  #viio65 in major context is most probably an annotation error.
WARNING  #viio7 in major context is most probably an annotation error.
WARNING  Failed to expand labels due to syntactic errors.
INFO     Attempting to parse n02op18-2_01.mscx
INFO     Done parsing n02op18-2_01.mscx

WARNING  The following chords could not be parsed:
      mc   mn onset  label
200   97   97     0  @none
422  222  222   1/8     V9
ERROR    % is a seventh chord and cannot have figbass ''
WARNING  #viio7 in major context is most probably an annotation error.
WARNING  #viio6 in major context is most probably an annotation error.
WARNING  #viio6 in major context is most probably an annotation error.
WARNING  #vii%7 in major context is most probably an annotation error.
WARNING  #viio43 in major context is most probably an annotation error.
WARNING  Failed to expand labels due to syntactic errors.
INFO     Attempting to parse n02op18-2_02.mscx
WARNING  MC 28 is completing MC 27 but has not been excluded from bar count!
WARNING  MC 31 is completing MC 30 but has not been excluded from bar count!
WARNING  MC 31 is completing MC 39 but has not been excluded from bar count!
WARNING  MC 40 is completing MC 39 but has not been excluded from bar count!
WARNING  MC 40 is completing MC 56 but has not been excluded from bar count!
WARNING  MC 57 is completing MC 56 but has not been excluded from bar count!
WARNING  MC 64 is completing MC 63 but has not been excluded from bar count!
INFO     Done parsing n02op18-2_02.mscx

WARNING  The following chords could not be parsed:
     mc  mn onset label
130  69  68   1/2    V9
WARNING  #viio7 in major context is most probably an annotation error.
WARNING  #viio6 in major context is most probably an annotation error.
WARNING  #viio43 in major context is most probably an annotation error.
WARNING  Failed to expand labels due to syntactic errors.
INFO     Attempting to parse n02op18-2_03.mscx
ERROR    Volta with range [84] contains startRepeat!
WARNING  Repeat missing in the last measure.
WARNING  Final volta with MC [84] contains a repeat sign.
WARNING  Single volta: [[84]]. Delete it or add another one.
WARNING  MC 10 is completing MC 9 but has not been excluded from bar count!
WARNING  MC 46 is completing MC 45 but has not been excluded from bar count!
WARNING  MC 10 is completing MC 54 but has not been excluded from bar count!
WARNING  MC 55 is completing MC 54 but has not been excluded from bar count!
WARNING  MC 83 (1/2) and MC 84 (3/4) don't add up to 3/4.
INFO     Done parsing n02op18-2_03.mscx

WARNING  The following chords could not be parsed:
    mc  mn onset  label
15  15  14     0  V9/IV
WARNING  #viio in major context is most probably an annotation error.
WARNING  Failed to expand labels due to syntactic errors.
INFO     Attempting to parse n02op18-2_04.mscx
INFO     Done parsing n02op18-2_04.mscx

WARNING  The following chords could not be parsed:
    mc  mn onset label
57  52  52     0    V9
WARNING  #viio7 in major context is most probably an annotation error.
WARNING  #viio7 in major context is most probably an annotation error.
WARNING  #viio6 in major context is most probably an annotation error.
WARNING  #viio2 in major context is most probably an annotation error.
WARNING  #vii%7 in major context is most probably an annotation error.
WARNING  #vii%7 in major context is most probably an annotation error.
WARNING  #viio64 in major context is most probably an annotation error.
WARNING  #viio in major context is most probably an annotation error.
WARNING  #viio7 in major context is most probably an annotation error.
WARNING  Failed to expand labels due to syntactic errors.
INFO     Attempting to parse n03op18-3_01.mscx
WARNING  Single volta: [[110]]. Delete it or add another one.
INFO     Done parsing n03op18-3_01.mscx

WARNING  The following chords could not be parsed:
      mc   mn onset  label
214  138  138     0     V9
217  142  142     0     V9
230  153  153   1/4  @none
236  155  155   1/4  @none
WARNING  #viio6(7) in major context is most probably an annotation error.
WARNING  #viio7 in major context is most probably an annotation error.
WARNING  #viio6 in major context is most probably an annotation error.
WARNING  #viio65 in major context is most probably an annotation error.
WARNING  Failed to expand labels due to syntactic errors.
INFO     Attempting to parse n03op18-3_02.mscx
INFO     Done parsing n03op18-3_02.mscx

WARNING  #viio7 in major context is most probably an annotation error.
WARNING  #viio43 in major context is most probably an annotation error.
WARNING  #viio in major context is most probably an annotation error.
WARNING  #viio7 in major context is most probably an annotation error.
INFO     Attempting to parse n03op18-3_03.mscx
WARNING  First measure of staff 1 has a startRepeat tag. Information overwritten by 'firstMeasure'
WARNING  MC 1 seems to be a pickup measure but has not been excluded from bar count!
WARNING  MC 1 is completing MC 9 but has not been excluded from bar count!
WARNING  MC 10 is completing MC 9 but has not been excluded from bar count!
WARNING  MC 10 is completing MC 64 but has not been excluded from bar count!
WARNING  MC 65 is completing MC 64 but has not been excluded from bar count!
WARNING  MC 65 is completing MC 77 but has not been excluded from bar count!
WARNING  MC 78 is completing MC 77 but has not been excluded from bar count!
INFO     Done parsing n03op18-3_03.mscx

WARNING  The following chords could not be parsed:
      mc   mn onset  label
26    13   13   1/2     V9
192  121  121   1/2  V9/IV
WARNING  #viio7 in major context is most probably an annotation error.
WARNING  #viio6 in major context is most probably an annotation error.
WARNING  #viio7 in major context is most probably an annotation error.
WARNING  Failed to expand labels due to syntactic errors.
INFO     Attempting to parse n03op18-3_04.mscx
WARNING  These values in mc_info[2] are not included in mc_info[1]: mc
115    1
Name: volta, dtype: object
WARNING  These values in mc_info[3] are not included in mc_info[1]: mc
115    1
Name: volta, dtype: object
WARNING  These values in mc_info[4] are not included in mc_info[1]: mc
115    1
Name: volta, dtype: object
WARNING  Voltas with measure COUNTS [[115, 116, 117, 118, 119, 120, 121], [122]] have different lengths.
Check measure NUMBERS with authoritative score. To silence the warning, either make all voltas
the same length or exclude all measures in voltas > 1 from the bar count.
WARNING  MC 122 in volta [122] has not been excluded from barcount.
WARNING  MC 1 seems to be a pickup measure but has not been excluded from bar count!
INFO     Done parsing n03op18-3_04.mscx

WARNING  The following chords could not be parsed:
      mc   mn onset  label
8      9    9     0     V9
31    23   23     0     V9
33    24   24     0     V9
35    24   24   3/8     V9
37    25   25     0     V9
93    51   51   1/8  @none
94    56   56     0     V9
254  166  166     0   V9/V
256  169  169   3/8     V9
340  240  240     0     V9
342  241  241     0     V9
344  241  241   3/8     V9
346  242  242     0     V9
514  331  331     0     V9
WARNING  #viio7 in major context is most probably an annotation error.
WARNING  #viio6 in major context is most probably an annotation error.
WARNING  #viio2 in major context is most probably an annotation error.
WARNING  #viio43 in major context is most probably an annotation error.
WARNING  #viio64 in major context is most probably an annotation error.
WARNING  Failed to expand labels due to syntactic errors.
INFO     Attempting to parse n04op18-4_01.mscx
ERROR    Volta with range [79] contains startRepeat!
WARNING  Final volta with MC [79] contains a repeat sign.
INFO     Done parsing n04op18-4_01.mscx

WARNING  The following chords could not be parsed:
      mc   mn onset  label
113   41   40   1/2     V9
192   66   65   1/4   V9/V
204   73   72   1/2  @none
211   78   77     0  @none
480  191  189   1/4   V9/V
WARNING  #viio7 in major context is most probably an annotation error.
WARNING  #viio43 in major context is most probably an annotation error.
WARNING  #viio64 in major context is most probably an annotation error.
WARNING  #viio43 in major context is most probably an annotation error.
WARNING  #viio43 in major context is most probably an annotation error.
WARNING  #viio64 in major context is most probably an annotation error.
WARNING  #viio7 in major context is most probably an annotation error.
WARNING  #vii%7(+2) in major context is most probably an annotation error.
WARNING  #viio7 in major context is most probably an annotation error.
WARNING  Failed to expand labels due to syntactic errors.
INFO     Attempting to parse n04op18-4_02.mscx
WARNING  First measure of staff 1 has a startRepeat tag. Information overwritten by 'firstMeasure'
INFO     Done parsing n04op18-4_02.mscx

WARNING  The following chords could not be parsed:
    mc  mn onset  label
76  51  51     0  @none
WARNING  #viio7 in major context is most probably an annotation error.
WARNING  #viio43 in major context is most probably an annotation error.
WARNING  #viio6 in major context is most probably an annotation error.
WARNING  #vii%43 in major context is most probably an annotation error.
WARNING  #viio43 in major context is most probably an annotation error.
WARNING  #viio64 in major context is most probably an annotation error.
WARNING  #viio65 in major context is most probably an annotation error.
WARNING  #viio in major context is most probably an annotation error.
WARNING  #viio7 in major context is most probably an annotation error.
WARNING  #viio2 in major context is most probably an annotation error.
WARNING  Failed to expand labels due to syntactic errors.
INFO     Attempting to parse n04op18-4_03.mscx
WARNING  First measure of staff 1 has a startRepeat tag. Information overwritten by 'firstMeasure'
WARNING  MC 53 in volta [53] has not been excluded from barcount.
WARNING  MC 1 seems to be a pickup measure but has not been excluded from bar count!
WARNING  MC 1 is completing MC 9 but has not been excluded from bar count!
WARNING  MC 10 is completing MC 9 but has not been excluded from bar count!
WARNING  MC 10 is completing MC 52 but has not been excluded from bar count!
INFO     Done parsing n04op18-4_03.mscx

WARNING  The following chords could not be parsed:
    mc  mn onset label
96  49  49   1/2    V9
WARNING  Failed to expand labels due to syntactic errors.
INFO     Attempting to parse n04op18-4_04.mscx
WARNING  First measure of staff 1 has a startRepeat tag. Information overwritten by 'firstMeasure'
WARNING  MC 45 in volta [45] has not been excluded from barcount.
WARNING  MC 94 in volta [94] has not been excluded from barcount.
WARNING  MC 103 in volta [103] has not been excluded from barcount.
WARNING  MC 1 seems to be a pickup measure but has not been excluded from bar count!
WARNING  MC 1 is completing MC 9 but has not been excluded from bar count!
WARNING  MC 10 is completing MC 9 but has not been excluded from bar count!
WARNING  MC 10 is completing MC 18 but has not been excluded from bar count!
WARNING  MC 19 is completing MC 18 but has not been excluded from bar count!
WARNING  MC 19 is completing MC 27 but has not been excluded from bar count!
WARNING  MC 28 is completing MC 27 but has not been excluded from bar count!
WARNING  MC 28 is completing MC 44 but has not been excluded from bar count!
WARNING  MC 78 is completing MC 77 but has not been excluded from bar count!
WARNING  MC 78 is completing MC 84 but has not been excluded from bar count!
WARNING  MC 85 is completing MC 84 but has not been excluded from bar count!
WARNING  MC 85 is completing MC 93 but has not been excluded from bar count!
INFO     Done parsing n04op18-4_04.mscx

WARNING  Failed to expand labels due to syntactic errors.
INFO     Attempting to parse n05op18-5_01.mscx
WARNING  MC 80 in volta [80] has not been excluded from barcount.
INFO     Done parsing n05op18-5_01.mscx

WARNING  Failed to expand labels due to syntactic errors.
INFO     Attempting to parse n05op18-5_02.mscx
WARNING  Repeat missing in the last measure.
WARNING  MC 83 in volta [83] has not been excluded from barcount.
WARNING  MC 1 seems to be a pickup measure but has not been excluded from bar count!
WARNING  MC 84 is completing MC 83 but has not been excluded from bar count!
WARNING  MC 84 is completing MC 92 but has not been excluded from bar count!
WARNING  MC 93 is completing MC 92 but has not been excluded from bar count!
WARNING  MC 93 is completing MC 109 but has not been excluded from bar count!
INFO     Done parsing n05op18-5_02.mscx

WARNING  #viio7 in major context is most probably an annotation error.
WARNING  #viio6 in major context is most probably an annotation error.
WARNING  #viio in major context is most probably an annotation error.
INFO     Attempting to parse n05op18-5_03.mscx
WARNING  MC 72 in volta [72] has not been excluded from barcount.
WARNING  MC 100 in volta [100] has not been excluded from barcount.
WARNING  MC 109 in volta [109] has not been excluded from barcount.
WARNING  MC 1 seems to be a pickup measure but has not been excluded from bar count!
WARNING  MC 1 is completing MC 9 but has not been excluded from bar count!
WARNING  MC 10 is completing MC 9 but has not been excluded from bar count!
WARNING  MC 10 is completing MC 18 but has not been excluded from bar count!
WARNING  MC 19 is completing MC 18 but has not been excluded from bar count!
WARNING  MC 19 is completing MC 27 but has not been excluded from bar count!
WARNING  MC 28 is completing MC 27 but has not been excluded from bar count!
WARNING  MC 28 is completing MC 36 but has not been excluded from bar count!
WARNING  MC 37 is completing MC 36 but has not been excluded from bar count!
WARNING  MC 37 is completing MC 45 but has not been excluded from bar count!
WARNING  MC 46 is completing MC 45 but has not been excluded from bar count!
WARNING  MC 46 is completing MC 54 but has not been excluded from bar count!
WARNING  MC 55 is completing MC 54 but has not been excluded from bar count!
WARNING  MC 73 is completing MC 72 but has not been excluded from bar count!
WARNING  MC 73 is completing MC 81 but has not been excluded from bar count!
WARNING  MC 82 is completing MC 81 but has not been excluded from bar count!
WARNING  MC 82 is completing MC 90 but has not been excluded from bar count!
WARNING  MC 91 is completing MC 90 but has not been excluded from bar count!
INFO     Done parsing n05op18-5_03.mscx

WARNING  The following chords could not be parsed:
      mc   mn onset label
224  137  137     0    V9
WARNING  Failed to expand labels due to syntactic errors.
INFO     Attempting to parse n05op18-5_04.mscx
WARNING  Single volta: [[96]]. Delete it or add another one.
WARNING  MC 1 seems to be a pickup measure but has not been excluded from bar count!
WARNING  MC 95 (5/8) and MC 96 (1) don't add up to 1.
WARNING  MC 98 is completing MC 97 but has not been excluded from bar count!
INFO     Done parsing n05op18-5_04.mscx

WARNING  The following chords could not be parsed:
     mc  mn onset label
165  75  75     0    V9
170  79  79     0    V9
WARNING  #viio7 in major context is most probably an annotation error.
WARNING  #viio65 in major context is most probably an annotation error.
WARNING  In seventh chords, such as vi43(7), it is not clear whether the 7 alters the 7 or replaces the 8 and should not be used.
WARNING  #viio6 in major context is most probably an annotation error.
WARNING  #viio43 in major context is most probably an annotation error.
WARNING  #viio2 in major context is most probably an annotation error.
WARNING  #viio43 in major context is most probably an annotation error.
WARNING  #viio6 in major context is most probably an annotation error.
WARNING  #viio43 in major context is most probably an annotation error.
WARNING  #viio65(2) in major context is most probably an annotation error.
WARNING  #viio in major context is most probably an annotation error.
WARNING  #viio6(2) in major context is most probably an annotation error.
WARNING  Failed to expand labels due to syntactic errors.
INFO     Attempting to parse n06op18-6_01.mscx
WARNING  MC 92 in volta [92] has not been excluded from barcount.
WARNING  MC 266 in volta [266] has not been excluded from barcount.
INFO     Done parsing n06op18-6_01.mscx

WARNING  The following chords could not be parsed:
      mc   mn onset  label
218  168  168     0  @none
WARNING  #viio7 in major context is most probably an annotation error.
WARNING  #viio6 in major context is most probably an annotation error.
WARNING  #viio64 in major context is most probably an annotation error.
WARNING  Failed to expand labels due to syntactic errors.
INFO     Attempting to parse n06op18-6_02.mscx
INFO     Done parsing n06op18-6_02.mscx

WARNING  #viio7 in major context is most probably an annotation error.
WARNING  #viio2 in major context is most probably an annotation error.
WARNING  #viio in major context is most probably an annotation error.
WARNING  #viio7 in major context is most probably an annotation error.
INFO     Attempting to parse n06op18-6_03.mscx
WARNING  First measure of staff 1 has a startRepeat tag. Information overwritten by 'firstMeasure'
WARNING  MC 51 in volta [51] has not been excluded from barcount.
WARNING  MC 70 in volta [70] has not been excluded from barcount.
WARNING  MC 1 seems to be a pickup measure but has not been excluded from bar count!
WARNING  MC 1 is completing MC 9 but has not been excluded from bar count!
WARNING  MC 10 is completing MC 9 but has not been excluded from bar count!
WARNING  MC 10 is completing MC 50 but has not been excluded from bar count!
WARNING  MC 52 is completing MC 51 but has not been excluded from bar count!
WARNING  MC 52 is completing MC 60 but has not been excluded from bar count!
WARNING  MC 61 is completing MC 60 but has not been excluded from bar count!
WARNING  MC 61 is completing MC 69 but has not been excluded from bar count!
INFO     Done parsing n06op18-6_03.mscx

WARNING  #viio43 in major context is most probably an annotation error.
WARNING  #viio64 in major context is most probably an annotation error.
WARNING  #viio43 in major context is most probably an annotation error.
WARNING  #viio in major context is most probably an annotation error.
INFO     Attempting to parse n06op18-6_04.mscx
WARNING  MC 45 is completing MC 44 but has not been excluded from bar count!
INFO     Done parsing n06op18-6_04.mscx

WARNING  The following chords could not be parsed:
    mc  mn onset  label
11  10  10   1/4  V9/ii
WARNING  #viio7 in major context is most probably an annotation error.
WARNING  #viio43 in major context is most probably an annotation error.
WARNING  #viio7(6) in major context is most probably an annotation error.
WARNING  #viio7 in major context is most probably an annotation error.
WARNING  Failed to expand labels due to syntactic errors.
INFO     Attempting to parse n07op59-1_01.mscx
INFO     Done parsing n07op59-1_01.mscx

WARNING  #viio7 in major context is most probably an annotation error.
WARNING  #viio2 in major context is most probably an annotation error.
WARNING  #viio7 in major context is most probably an annotation error.
WARNING  #viio43 in major context is most probably an annotation error.
WARNING  #viio2 in major context is most probably an annotation error.
WARNING  #viio43 in major context is most probably an annotation error.
WARNING  #viio2 in major context is most probably an annotation error.
WARNING  #viio65 in major context is most probably an annotation error.
WARNING  #viio6 in major context is most probably an annotation error.
INFO     Attempting to parse n07op59-1_02.mscx
INFO     Done parsing n07op59-1_02.mscx

WARNING  The following chords could not be parsed:
      mc   mn onset  label
ix                        
112  100  100     0  @none
413  301  301     0  @none
ERROR    % is a seventh chord and cannot have figbass ''
WARNING  Failed to expand labels due to syntactic errors.
INFO     Attempting to parse n07op59-1_03.mscx
INFO     MC 133 is longer 17/32 than its nominal duration 1/2.
INFO     Done parsing n07op59-1_03.mscx

WARNING  The following chords could not be parsed:
     mc  mn onset  label
ix                      
109  35  34  7/32  @none
WARNING  #viio6 in major context is most probably an annotation error.
WARNING  #viio2 in major context is most probably an annotation error.
WARNING  #viio43 in major context is most probably an annotation error.
WARNING  #viio65 in major context is most probably an annotation error.
WARNING  #viio7 in major context is most probably an annotation error.
WARNING  Failed to expand labels due to syntactic errors.
INFO     Attempting to parse n07op59-1_04.mscx
INFO     Done parsing n07op59-1_04.mscx

WARNING  The following chords could not be parsed:
      mc   mn onset  label
193  113  113     0  @none
WARNING  #viio2 in major context is most probably an annotation error.
WARNING  Failed to expand labels due to syntactic errors.
INFO     Attempting to parse n08op59-2_01.mscx
ERROR    Score contains ambiguous barnumbers at measure counts 72, 210, possibly caused by MuseScore's 'Add to bar number' or 'Section break' function.
WARNING  Voltas with measure COUNTS [[69, 70], [71, 72, 73]] have different lengths.
Check measure NUMBERS with authoritative score. To silence the warning, either make all voltas
the same length or exclude all measures in voltas > 1 from the bar count.
WARNING  Voltas with measure COUNTS [[211, 212, 213, 214], [215]] have different lengths.
Check measure NUMBERS with authoritative score. To silence the warning, either make all voltas
the same length or exclude all measures in voltas > 1 from the bar count.
WARNING  MCs [71 73] in volta [71, 72, 73] have not been excluded from barcount.
INFO     Done parsing n08op59-2_01.mscx

WARNING  The following chords could not be parsed:
      mc   mn onset  label
186   90   88   1/8  V9/ii
205  110  108     0  @none
252  136  134   1/4  @none
290  158  156   1/8  @none
WARNING  #viio7 in major context is most probably an annotation error.
WARNING  #viio2 in major context is most probably an annotation error.
WARNING  #viio7 in major context is most probably an annotation error.
WARNING  #viio43 in major context is most probably an annotation error.
WARNING  #viio43 in major context is most probably an annotation error.
WARNING  #viio in major context is most probably an annotation error.
WARNING  #viio65 in major context is most probably an annotation error.
WARNING  #viio65 in major context is most probably an annotation error.
WARNING  #viio7 in major context is most probably an annotation error.
WARNING  Failed to expand labels due to syntactic errors.
INFO     Attempting to parse n08op59-2_02.mscx
INFO     Done parsing n08op59-2_02.mscx

WARNING  The following chords could not be parsed:
      mc   mn onset label
ix                       
161   74   74     0    V9
255  113  113     0    V9
259  115  115     0    V9
WARNING  #viio7 in major context is most probably an annotation error.
WARNING  #viio7(4) in major context is most probably an annotation error.
WARNING  #viio6 in major context is most probably an annotation error.
WARNING  #viio2 in major context is most probably an annotation error.
WARNING  #viio43 in major context is most probably an annotation error.
WARNING  #viio65 in major context is most probably an annotation error.
WARNING  #viio in major context is most probably an annotation error.
WARNING  #viio65 in major context is most probably an annotation error.
WARNING  Failed to expand labels due to syntactic errors.
INFO     Attempting to parse n08op59-2_03.mscx
ERROR    Score contains ambiguous barnumbers at measure counts 10, 56, possibly caused by MuseScore's 'Add to bar number' or 'Section break' function.
WARNING  Voltas with measure COUNTS [[52, 53, 54, 55], [56, 57, 58]] have different lengths.
Check measure NUMBERS with authoritative score. To silence the warning, either make all voltas
the same length or exclude all measures in voltas > 1 from the bar count.
WARNING  MC 11 in volta [10, 11] has not been excluded from barcount.
WARNING  MCs [57 58] in volta [56, 57, 58] have not been excluded from barcount.
WARNING  MC 59 is completing MC 58 but has not been excluded from bar count!
INFO     Done parsing n08op59-2_03.mscx

WARNING  The following chords could not be parsed:
    mc  mn onset label
29  26  24     0  i.V9
WARNING  #viio43 in major context is most probably an annotation error.
WARNING  Failed to expand labels due to syntactic errors.
INFO     Attempting to parse n08op59-2_04.mscx
INFO     Done parsing n08op59-2_04.mscx

WARNING  The following chords could not be parsed:
      mc   mn onset label
ix                       
271  187  187     0    V9
302  212  212   3/4    V9
WARNING  Failed to expand labels due to syntactic errors.
INFO     Attempting to parse n09op59-3_01.mscx
WARNING  Voltas with measure COUNTS [[107, 108, 109, 110], [111]] have different lengths.
Check measure NUMBERS with authoritative score. To silence the warning, either make all voltas
the same length or exclude all measures in voltas > 1 from the bar count.
WARNING  MC 111 in volta [111] has not been excluded from barcount.
WARNING  MC 30 is completing MC 29 but has not been excluded from bar count!
INFO     Done parsing n09op59-3_01.mscx

WARNING  The following chords could not be parsed:
      mc   mn onset  label
27    33   33   1/2     V9
107   76   76   1/2     V9
199  107  107   1/4  @none
203  111  111   1/8  @none
WARNING  #viio7 in major context is most probably an annotation error.
WARNING  #viio6 in major context is most probably an annotation error.
WARNING  #viio6 in major context is most probably an annotation error.
WARNING  #viio2 in major context is most probably an annotation error.
WARNING  #viio43 in major context is most probably an annotation error.
WARNING  Failed to expand labels due to syntactic errors.
INFO     Attempting to parse n09op59-3_02.mscx
WARNING  First measure of staff 1 has a startRepeat tag. Information overwritten by 'firstMeasure'
WARNING  Voltas with measure COUNTS [[5, 6], [7]] have different lengths.
Check measure NUMBERS with authoritative score. To silence the warning, either make all voltas
the same length or exclude all measures in voltas > 1 from the bar count.
WARNING  MC 7 in volta [7] has not been excluded from barcount.
WARNING  MC 23 in volta [23] has not been excluded from barcount.
INFO     Done parsing n09op59-3_02.mscx

WARNING  The following chords could not be parsed:
      mc   mn onset      label
61    28   28   3/8      vi.V9
64    30   30     0         V9
65    30   30   5/8      V9(4)
66    31   31     0         V9
68    31   31   5/8      V9(4)
69    32   32     0         V9
70    32   32   5/8      V9(4)
166   68   68   5/8  .bv.V9(4)
167   69   69     0         V9
169   69   69   5/8      V9(4)
170   70   70     0         V9
172   70   70   5/8      V9(4)
173   71   71     0         V9
430  184  184   1/4      @none
WARNING  #vii in major context is most probably an annotation error.
WARNING  #viio7 in major context is most probably an annotation error.
WARNING  #viio43 in major context is most probably an annotation error.
WARNING  #viio2 in major context is most probably an annotation error.
WARNING  #viio43 in major context is most probably an annotation error.
WARNING  #viio in major context is most probably an annotation error.
WARNING  #viio7 in major context is most probably an annotation error.
WARNING  Failed to expand labels due to syntactic errors.
INFO     Attempting to parse n09op59-3_03.mscx
WARNING  MC 55 in volta [55] has not been excluded from barcount.
WARNING  MC 76 in volta [76] has not been excluded from barcount.
INFO     Done parsing n09op59-3_03.mscx

WARNING  #viio65 in major context is most probably an annotation error.
INFO     Attempting to parse n09op59-3_04.mscx
INFO     Done parsing n09op59-3_04.mscx

WARNING  The following chords could not be parsed:
      mc   mn onset  label
ix                        
91    39   38   1/2  @none
324  201  200     0  @none
639  386  385     0  @none
642  389  388     0  @none
649  394  393     0  @none
686  421  420     0     V9
WARNING  #viio6 in major context is most probably an annotation error.
WARNING  #viio65 in major context is most probably an annotation error.
WARNING  Failed to expand labels due to syntactic errors.
INFO     Attempting to parse n10op74_01.mscx
INFO     Done parsing n10op74_01.mscx

WARNING  #viio7 in major context is most probably an annotation error.
WARNING  #viio(+4) in major context is most probably an annotation error.
INFO     Attempting to parse n10op74_02.mscx
INFO     Done parsing n10op74_02.mscx

WARNING  The following chords could not be parsed:
      mc   mn onset  label
ix                        
116   63   63     0  @none
206  110  110   1/4  @none
WARNING  #vii%7 in major context is most probably an annotation error.
WARNING  #viio in major context is most probably an annotation error.
WARNING  #viio65 in major context is most probably an annotation error.
WARNING  Failed to expand labels due to syntactic errors.
INFO     Attempting to parse n10op74_03.mscx
WARNING  First measure of staff 1 has a startRepeat tag. Information overwritten by 'firstMeasure'
WARNING  MC 80 in volta [80] has not been excluded from barcount.
WARNING  MC 1 seems to be a pickup measure but has not been excluded from bar count!
WARNING  MC 1 is completing MC 9 but has not been excluded from bar count!
WARNING  MC 10 is completing MC 9 but has not been excluded from bar count!
WARNING  MC 10 is completing MC 79 but has not been excluded from bar count!
WARNING  MC 173 is completing MC 172 but has not been excluded from bar count!
WARNING  MC 173 is completing MC 181 but has not been excluded from bar count!
WARNING  MC 182 is completing MC 181 but has not been excluded from bar count!
WARNING  MC 343 is completing MC 342 but has not been excluded from bar count!
WARNING  MC 344 (3/8) and MC 345 (3/4) don't add up to 3/4.
INFO     Done parsing n10op74_03.mscx

WARNING  The following chords could not be parsed:
   mc  mn onset  label
3   8   8   1/4  @none
ERROR    % is a seventh chord and cannot have figbass '6'
ERROR    % is a seventh chord and cannot have figbass ''
WARNING  #viio65 in major context is most probably an annotation error.
WARNING  #viio6 in major context is most probably an annotation error.
WARNING  #viio7 in major context is most probably an annotation error.
WARNING  Failed to expand labels due to syntactic errors.
INFO     Attempting to parse n10op74_04.mscx
WARNING  First measure of staff 1 has a startRepeat tag. Information overwritten by 'firstMeasure'
WARNING  MC 157 in volta [157] has not been excluded from barcount.
WARNING  MC 1 seems to be a pickup measure but has not been excluded from bar count!
WARNING  MC 1 is completing MC 9 but has not been excluded from bar count!
WARNING  MC 10 is completing MC 9 but has not been excluded from bar count!
WARNING  MC 10 is completing MC 22 but has not been excluded from bar count!
WARNING  MC 23 is completing MC 22 but has not been excluded from bar count!
WARNING  MC 23 is completing MC 31 but has not been excluded from bar count!
WARNING  MC 32 is completing MC 31 but has not been excluded from bar count!
WARNING  MC 32 is completing MC 44 but has not been excluded from bar count!
WARNING  MC 45 is completing MC 44 but has not been excluded from bar count!
WARNING  MC 45 is completing MC 53 but has not been excluded from bar count!
WARNING  MC 54 is completing MC 53 but has not been excluded from bar count!
WARNING  MC 54 is completing MC 66 but has not been excluded from bar count!
WARNING  MC 67 is completing MC 66 but has not been excluded from bar count!
WARNING  MC 67 is completing MC 75 but has not been excluded from bar count!
WARNING  MC 76 is completing MC 75 but has not been excluded from bar count!
WARNING  MC 76 is completing MC 88 but has not been excluded from bar count!
WARNING  MC 89 is completing MC 88 but has not been excluded from bar count!
WARNING  MC 89 is completing MC 97 but has not been excluded from bar count!
WARNING  MC 98 is completing MC 97 but has not been excluded from bar count!
WARNING  MC 98 is completing MC 110 but has not been excluded from bar count!
WARNING  MC 111 is completing MC 110 but has not been excluded from bar count!
WARNING  MC 111 is completing MC 119 but has not been excluded from bar count!
WARNING  MC 120 is completing MC 119 but has not been excluded from bar count!
WARNING  MC 120 is completing MC 132 but has not been excluded from bar count!
WARNING  MC 133 is completing MC 132 but has not been excluded from bar count!
WARNING  MC 133 is completing MC 143 but has not been excluded from bar count!
WARNING  MC 144 is completing MC 143 but has not been excluded from bar count!
WARNING  MC 144 is completing MC 156 but has not been excluded from bar count!
INFO     Done parsing n10op74_04.mscx

ERROR    % is a seventh chord and cannot have figbass ''
WARNING  Failed to expand labels due to syntactic errors.
INFO     Attempting to parse n11op95_01.mscx
INFO     Done parsing n11op95_01.mscx

WARNING  The following chords could not be parsed:
     mc  mn onset  label
ix                      
33   20  20     0  @none
133  85  85     0  @none
WARNING  #viio2 in major context is most probably an annotation error.
WARNING  #viio2 in major context is most probably an annotation error.
WARNING  #viio7 in major context is most probably an annotation error.
WARNING  Failed to expand labels due to syntactic errors.
INFO     Attempting to parse n11op95_02.mscx
INFO     Done parsing n11op95_02.mscx

WARNING  The following chords could not be parsed:
      mc   mn onset       label
ix                             
61    36   36     0       @none
109   56   56   1/8  VII2/.bvii
110   56   56   1/4    V7/.bvii
112   57   57   1/4    V7/.bvii
287  149  149     0    V7/.bIII
289  150  150     0    V7/.bIII
WARNING  #viio7 in major context is most probably an annotation error.
WARNING  #viio6 in major context is most probably an annotation error.
WARNING  #viio7 in major context is most probably an annotation error.
WARNING  #viio64 in major context is most probably an annotation error.
WARNING  #viio6(2) in major context is most probably an annotation error.
WARNING  #viio43 in major context is most probably an annotation error.
WARNING  #viio in major context is most probably an annotation error.
WARNING  #viio65 in major context is most probably an annotation error.
WARNING  #viio(2) in major context is most probably an annotation error.
WARNING  Failed to expand labels due to syntactic errors.
INFO     Attempting to parse n11op95_03.mscx
WARNING  First measure of staff 1 has a startRepeat tag. Information overwritten by 'firstMeasure'
WARNING  MC 41 in volta [41] has not been excluded from barcount.
INFO     Done parsing n11op95_03.mscx

WARNING  #viio43 in major context is most probably an annotation error.
WARNING  #viio65 in major context is most probably an annotation error.
WARNING  #viio65 in major context is most probably an annotation error.
WARNING  #viio7 in major context is most probably an annotation error.
INFO     Attempting to parse n11op95_04.mscx
INFO     Done parsing n11op95_04.mscx

WARNING  The following chords could not be parsed:
      mc   mn onset  label
318  169  168     0  @none
WARNING  Failed to expand labels due to syntactic errors.
INFO     Attempting to parse n12op127_01.mscx
INFO     Done parsing n12op127_01.mscx

WARNING  The following chords could not be parsed:
      mc   mn onset  label
16    10   10   1/2  @none
354  178  178   3/8  @none
WARNING  #viio7 in major context is most probably an annotation error.
WARNING  #viio65 in major context is most probably an annotation error.
WARNING  Failed to expand labels due to syntactic errors.
INFO     Attempting to parse n12op127_02.mscx
WARNING  MC 1 seems to be a pickup measure but has not been excluded from bar count!
WARNING  MC 22 is completing MC 21 but has not been excluded from bar count!
WARNING  MC 40 (7/8) and MC 41 (3/8) don't add up to 3/2.
WARNING  MC 79 (1/2) and MC 80 (3/4) don't add up to 1.
INFO     Done parsing n12op127_02.mscx

WARNING  #viio7 in major context is most probably an annotation error.
WARNING  #viio2 in major context is most probably an annotation error.
WARNING  #viio43 in major context is most probably an annotation error.
INFO     Attempting to parse n12op127_03.mscx
INFO     Done parsing n12op127_03.mscx

WARNING  The following chords could not be parsed:
      mc   mn onset  label
4      3    3     0  @none
11     9    9   1/2  @none
15    11   11   1/2  @none
19    13   13   1/2  @none
79    38   37     0  @none
140   67   66   1/4  @none
384  241  238     0  @none
418  283  280   1/2  @none
WARNING  #viio6 in major context is most probably an annotation error.
WARNING  #vii%7 in major context is most probably an annotation error.
WARNING  #viio43 in major context is most probably an annotation error.
WARNING  #viio in major context is most probably an annotation error.
WARNING  Failed to expand labels due to syntactic errors.
INFO     Attempting to parse n12op127_04.mscx
INFO     Done parsing n12op127_04.mscx

WARNING  The following chords could not be parsed:
      mc   mn onset  label
151   58   58   1/4  @none
181   67   67     0  @none
210   82   82   3/4  @none
218   86   86   3/4  @none
229   97   97     0  @none
253  110  110   1/4  @none
265  114  114     0  @none
281  118  118     0  @none
285  119  119     0  @none
601  246  246   3/4  @none
WARNING  Failed to expand labels due to syntactic errors.
INFO     Attempting to parse n13op130_01.mscx
WARNING  First measure of staff 1 has a startRepeat tag. Information overwritten by 'firstMeasure'
WARNING  Voltas with measure COUNTS [[93, 94], [95]] have different lengths.
Check measure NUMBERS with authoritative score. To silence the warning, either make all voltas
the same length or exclude all measures in voltas > 1 from the bar count.
WARNING  MC 95 in volta [95] has not been excluded from barcount.
INFO     Done parsing n13op130_01.mscx

WARNING  The following chords could not be parsed:
      mc   mn onset  label
168   52   51   1/4  @none
282   92   91     0  @none
285   95   94     0  @none
664  215  214   1/4  @none
WARNING  #viio7 in major context is most probably an annotation error.
WARNING  #viio7(4) in major context is most probably an annotation error.
WARNING  #viio7 in major context is most probably an annotation error.
WARNING  #viio65 in major context is most probably an annotation error.
WARNING  #viio6 in major context is most probably an annotation error.
WARNING  #viio7 in major context is most probably an annotation error.
WARNING  #viio43 in major context is most probably an annotation error.
WARNING  #viio(+2) in major context is most probably an annotation error.
WARNING  #viio43 in major context is most probably an annotation error.
WARNING  #viio in major context is most probably an annotation error.
WARNING  Failed to expand labels due to syntactic errors.
INFO     Attempting to parse n13op130_02.mscx
WARNING  MC 25 in volta [25] has not been excluded from barcount.
WARNING  MC 49 in volta [49] has not been excluded from barcount.
INFO     Done parsing n13op130_02.mscx

WARNING  The following chords could not be parsed:
     mc  mn onset  label
93   52  52     0  @none
96   60  60     0  @none
99   64  64     0  @none
117  73  73   1/4  @none
WARNING  Failed to expand labels due to syntactic errors.
INFO     Attempting to parse n13op130_03.mscx
WARNING  MC 67 (5/8) and MC 68 (1) don't add up to 1.
INFO     Done parsing n13op130_03.mscx

WARNING  The following chords could not be parsed:
     mc  mn onset  label
65   14  14     0  @none
237  49  49     0  @none
325  67  66     0  @none
WARNING  #viio65 in major context is most probably an annotation error.
WARNING  #viio7 in major context is most probably an annotation error.
WARNING  Failed to expand labels due to syntactic errors.
INFO     Attempting to parse n13op130_04.mscx
INFO     Done parsing n13op130_04.mscx

WARNING  #viio6(9) in major context is most probably an annotation error.
WARNING  #viio(+2) in major context is most probably an annotation error.
WARNING  #viio6 in major context is most probably an annotation error.
WARNING  #viio6(+2) in major context is most probably an annotation error.
WARNING  #viio in major context is most probably an annotation error.
INFO     Attempting to parse n13op130_05.mscx
INFO     Done parsing n13op130_05.mscx

WARNING  The following chords could not be parsed:
     mc  mn onset  label
ix                      
120  41  41   1/4  @none
WARNING  #viio6 in major context is most probably an annotation error.
WARNING  #viio in major context is most probably an annotation error.
WARNING  #vii%7 in major context is most probably an annotation error.
WARNING  Failed to expand labels due to syntactic errors.
INFO     Attempting to parse n13op130_06.mscx
WARNING  Voltas with measure COUNTS [[32, 33], [34]] have different lengths.
Check measure NUMBERS with authoritative score. To silence the warning, either make all voltas
the same length or exclude all measures in voltas > 1 from the bar count.
WARNING  Voltas with measure COUNTS [[98, 99, 100], [101]] have different lengths.
Check measure NUMBERS with authoritative score. To silence the warning, either make all voltas
the same length or exclude all measures in voltas > 1 from the bar count.
WARNING  MC 34 in volta [34] has not been excluded from barcount.
WARNING  MC 101 in volta [101] has not been excluded from barcount.
INFO     Done parsing n13op130_06.mscx

WARNING  The following chords could not be parsed:
      mc   mn onset  label
97    69   69     0  @none
284  215  215     0  @none
286  217  217     0  @none
ERROR    % is a seventh chord and cannot have figbass ''
WARNING  Failed to expand labels due to syntactic errors.
INFO     Attempting to parse n14op131_01.mscx
INFO     Done parsing n14op131_01.mscx

WARNING  Failed to expand labels due to syntactic errors.
INFO     Attempting to parse n14op131_02.mscx
INFO     Done parsing n14op131_02.mscx

WARNING  The following chords could not be parsed:
      mc   mn onset  label
ix                        
220  120  118   3/8  @none
WARNING  Failed to expand labels due to syntactic errors.
INFO     Attempting to parse n14op131_03.mscx
INFO     Done parsing n14op131_03.mscx

INFO     Attempting to parse n14op131_04.mscx
WARNING  MC 187 in volta [187] has not been excluded from barcount.
INFO     Done parsing n14op131_04.mscx

WARNING  The following chords could not be parsed:
      mc   mn onset  label
197   94   93   1/2  @none
206  102  101   1/4  @none
263  123  122   1/2  @none
537  214  213   3/4  @none
WARNING  Failed to expand labels due to syntactic errors.
INFO     Attempting to parse n14op131_05.mscx
WARNING  Voltas with measure COUNTS [[66, 67], [68]] have different lengths.
Check measure NUMBERS with authoritative score. To silence the warning, either make all voltas
the same length or exclude all measures in voltas > 1 from the bar count.
WARNING  MC 68 in volta [68] has not been excluded from barcount.
INFO     Done parsing n14op131_05.mscx

WARNING  The following chords could not be parsed:
      mc   mn onset  label
96    86   85   3/4  @none
307  252  251   1/2  @none
WARNING  #viio7 in major context is most probably an annotation error.
WARNING  #viio in major context is most probably an annotation error.
WARNING  #viio2 in major context is most probably an annotation error.
WARNING  The change 3 has no effect in V2
WARNING  #viio65 in major context is most probably an annotation error.
WARNING  Failed to expand labels due to syntactic errors.
INFO     Attempting to parse n14op131_06.mscx
INFO     Done parsing n14op131_06.mscx

INFO     Attempting to parse n14op131_07.mscx
INFO     Done parsing n14op131_07.mscx

WARNING  Failed to expand labels due to syntactic errors.
INFO     Attempting to parse n15op132_01.mscx
INFO     Done parsing n15op132_01.mscx

WARNING  The following chords could not be parsed:
      mc   mn onset  label
44    22   22     0     V9
179   81   81     0  V9(6)
180   81   81   1/4     V9
247  109  109     0     V9
302  136  136     0  V9(4)
303  136  136   1/4     V9
WARNING  #viio7 in major context is most probably an annotation error.
WARNING  The change 5 has no effect in i64
WARNING  #viio6 in major context is most probably an annotation error.
WARNING  #viio6(2) in major context is most probably an annotation error.
WARNING  #viio43 in major context is most probably an annotation error.
WARNING  #viio in major context is most probably an annotation error.
WARNING  #viio in major context is most probably an annotation error.
WARNING  #viio65 in major context is most probably an annotation error.
WARNING  In seventh chords, such as viio65(74b3), it is not clear whether the 7 alters the 7 or replaces the 8 and should not be used.
WARNING  #viio43 in major context is most probably an annotation error.
WARNING  #viio7 in major context is most probably an annotation error.
WARNING  Failed to expand labels due to syntactic errors.
INFO     Attempting to parse n15op132_02.mscx
WARNING  First measure of staff 1 has a startRepeat tag. Information overwritten by 'firstMeasure'
WARNING  Voltas with measure COUNTS [[22], [23, 24, 25]] have different lengths.
Check measure NUMBERS with authoritative score. To silence the warning, either make all voltas
the same length or exclude all measures in voltas > 1 from the bar count.
WARNING  Voltas with measure COUNTS [[100, 101, 102, 103, 104], [105, 106]] have different lengths.
Check measure NUMBERS with authoritative score. To silence the warning, either make all voltas
the same length or exclude all measures in voltas > 1 from the bar count.
WARNING  MCs [23 24 25] in volta [23, 24, 25] have not been excluded from barcount.
WARNING  MCs [105 106] in volta [105, 106] have not been excluded from barcount.
WARNING  MC 125 (1/2) and MC 126 (3/4) don't add up to 3/4.
INFO     Done parsing n15op132_02.mscx

WARNING  The following chords could not be parsed:
      mc   mn onset  label
393  192  192   1/2  @none
436  214  214     0  @none
442  222  222     0  @none
WARNING  Failed to expand labels due to syntactic errors.
INFO     Attempting to parse n15op132_03.mscx
WARNING  MC 1 seems to be a pickup measure but has not been excluded from bar count!
INFO     Done parsing n15op132_03.mscx

WARNING  #viio7 in major context is most probably an annotation error.
WARNING  #viio6 in major context is most probably an annotation error.
WARNING  #vii%7 in major context is most probably an annotation error.
WARNING  #vii%7(4) in major context is most probably an annotation error.
WARNING  #viio in major context is most probably an annotation error.
WARNING  Alteration of scale degree 1 is meaningless and ignored.
INFO     Attempting to parse n15op132_04.mscx
INFO     Done parsing n15op132_04.mscx

WARNING  The following chords could not be parsed:
    mc  mn onset  label
35  10  10   5/8  @none
WARNING  #viio7 in major context is most probably an annotation error.
WARNING  Failed to expand labels due to syntactic errors.
INFO     Attempting to parse n15op132_05.mscx
INFO     Done parsing n15op132_05.mscx

WARNING  The following chords could not be parsed:
      mc   mn onset  label
108   51   51   1/4  @none
133   63   63     0  @none
254  137  137     0  @none
256  137  137   1/4  @none
408  208  208   1/4  @none
WARNING  Failed to expand labels due to syntactic errors.
INFO     Attempting to parse n16op135_01.mscx
INFO     Done parsing n16op135_01.mscx

WARNING  The following chords could not be parsed:
      mc   mn onset  label
22    11   11     0  @none
121   62   62   1/4  @none
225  110  110     0  @none
236  117  117   1/4  @none
ERROR    Are you expanding labels of several pieces in the same DataFrame? In that case, define 'groupby()' parameters.
WARNING  Failed to expand labels due to syntactic errors.
INFO     Attempting to parse n16op135_02.mscx
WARNING  MC 68 in volta [68] has not been excluded from barcount.
WARNING  MC 269 in volta [269] has not been excluded from barcount.
INFO     Done parsing n16op135_02.mscx

WARNING  The following chords could not be parsed:
      mc   mn onset  label
226  192  191   1/4  @none
228  196  195   1/4  @none
WARNING  #viio7 in major context is most probably an annotation error.
WARNING  #viio7(6) in major context is most probably an annotation error.
WARNING  #viio(6) in major context is most probably an annotation error.
WARNING  #viio in major context is most probably an annotation error.
WARNING  #vii%7 in major context is most probably an annotation error.
WARNING  Failed to expand labels due to syntactic errors.
INFO     Attempting to parse n16op135_03.mscx
INFO     Done parsing n16op135_03.mscx

WARNING  #viio7 in major context is most probably an annotation error.
WARNING  #viio43 in major context is most probably an annotation error.
WARNING  #viio in major context is most probably an annotation error.
WARNING  #viio7 in major context is most probably an annotation error.
INFO     Attempting to parse n16op135_04.mscx
WARNING  Voltas with measure COUNTS [[80, 81, 82, 83], [84]] have different lengths.
Check measure NUMBERS with authoritative score. To silence the warning, either make all voltas
the same length or exclude all measures in voltas > 1 from the bar count.
WARNING  MC 84 in volta [84] has not been excluded from barcount.
WARNING  MC 249 in volta [249] has not been excluded from barcount.
WARNING  MC 87 is completing MC 86 but has not been excluded from bar count!
INFO     Done parsing n16op135_04.mscx

WARNING  The following chords could not be parsed:
     mc  mn onset  label
161  86  86     0  @none
WARNING  #vii%7(+2) in major context is most probably an annotation error.
WARNING  Failed to expand labels due to syntactic errors.
'float' object is not iterable
'float' object is not iterable
'float' object is not iterable
'float' object is not iterable
#vii%/V: % requires figbass since it specifies a chord's seventh.
'float' object is not iterable
'float' object is not iterable
'float' object is not iterable
'float' object is not iterable
'float' object is not iterable
42 is not a valid chord inversion.
'float' object is not iterable
'float' object is not iterable
5 organ points started, 4 ended! Beginnings:
18      V
28    bII
29      I
44      V
89      V
Name: pedal, dtype: object
Endings:
19    ]
34    ]
59    ]
91    ]
Name: pedalend, dtype: object
4 organ points started, 3 ended! Beginnings:
144    I
160    V
284    V
375    I
Name: pedal, dtype: object
Endings:
170    ]
296    ]
384    ]
Name: pedalend, dtype: object
4 organ points started, 3 ended! Beginnings:
2      I
185    I
255    I
424    I
Name: pedal, dtype: object
Endings:
9      ]
194    ]
262    ]
Name: pedalend, dtype: object
1 organ points started, 0 ended! Beginnings:
113    V
Name: pedal, dtype: object
Endings:
Series([], Name: pedalend, dtype: object)
'float' object is not iterable
'float' object is not iterable
'float' object is not iterable
12 organ points started, 11 ended! Beginnings:
ix
102    i
114    I
131    i
322    I
333    I
343    I
415    I
451    I
469    i
559    I
570    I
582    I
Name: pedal, dtype: object
Endings:
ix
106    ]
118    ]
134    ]
326    ]
336    ]
420    ]
456    ]
472    ]
561    ]
573    ]
584    ]
Name: pedalend, dtype: object
'float' object is not iterable
'float' object is not iterable
'float' object is not iterable
'float' object is not iterable
'float' object is not iterable
12 organ points started, 11 ended! Beginnings:
ix
51     I
100    V
128    i
152    I
170    I
185    I
304    V
341    i
366    I
453    V
459    V
489    I
Name: pedal, dtype: object
Endings:
ix
54     ]
104    ]
133    ]
154    ]
172    ]
195    ]
345    ]
376    ]
456    ]
462    ]
494    ]
Name: pedalend, dtype: object
'float' object is not iterable
'float' object is not iterable
'float' object is not iterable
'float' object is not iterable
ii%6: % requires figbass since it specifies a chord's seventh.
5 organ points started, 6 ended! Beginnings:
149    vi
153    #V
194     I
221     I
238     I
Name: pedal, dtype: object
Endings:
152    ]
155    ]
218    ]
236    ]
250    ]
251    ]
Name: pedalend, dtype: object
'float' object is not iterable
'float' object is not iterable
16 organ points started, 14 ended! Beginnings:
11      V
56      i
63      V
100     V
107     i
132    iv
144     i
153     V
174     V
207     i
213     V
223     i
225    ii
245     i
257     V
264     I
Name: pedal, dtype: object
Endings:
14     ]
62     ]
72     ]
101    ]
111    ]
170    ]
182    ]
212    ]
220    ]
224    ]
226    ]
256    ]
262    ]
273    ]
Name: pedalend, dtype: object
'float' object is not iterable
'float' object is not iterable
22 organ points started, 21 ended! Beginnings:
6        I
26       I
112      V
177      V
230      I
245      V
322      V
355      V
438      V
453      I
468    iii
470     ii
487      V
503      I
513      V
536      I
552      I
579      V
609      I
615      I
648      I
671      I
Name: pedal, dtype: object
Endings:
13     ]
34     ]
122    ]
180    ]
239    ]
255    ]
328    ]
356    ]
441    ]
457    ]
471    ]
493    ]
511    ]
527    ]
545    ]
561    ]
580    ]
612    ]
619    ]
652    ]
674    ]
Name: pedalend, dtype: object
'float' object is not iterable
11 organ points started, 10 ended! Beginnings:
16     V
24     i
38     V
45     V
63     V
66     V
72     i
133    V
142    i
151    V
159    i
Name: pedal, dtype: object
Endings:
28     ]
40     ]
46     ]
64     ]
67     ]
75     ]
141    ]
146    ]
158    ]
163    ]
Name: pedalend, dtype: object
'float' object is not iterable
'float' object is not iterable
13 organ points started, 14 ended! Beginnings:
1       vi
13      vi
25       V
29      ii
35       I
52       V
84       V
114      V
218    iii
308      V
321      I
409      V
518      V
Name: pedal, dtype: object
Endings:
4      ]
15     ]
26     ]
30     ]
42     ]
44     ]
54     ]
85     ]
117    ]
220    ]
311    ]
332    ]
412    ]
530    ]
Name: pedalend, dtype: object
5 organ points started, 4 ended! Beginnings:
48     i
81     I
118    V
209    I
326    I
Name: pedal, dtype: object
Endings:
50     ]
85     ]
127    ]
215    ]
Name: pedalend, dtype: object
8 organ points started, 7 ended! Beginnings:
ix
1        I
30     III
84       I
146      I
155      V
209      V
283      I
309    III
Name: pedal, dtype: object
Endings:
ix
19     ]
32     ]
87     ]
154    ]
159    ]
217    ]
288    ]
Name: pedalend, dtype: object
4 organ points started, 3 ended! Beginnings:
95     V
154    V
513    V
598    V
Name: pedal, dtype: object
Endings:
98     ]
517    ]
600    ]
Name: pedalend, dtype: object
'float' object is not iterable
7 organ points started, 8 ended! Beginnings:
7       V
98      I
178     V
273     V
317     V
329    ii
349     I
Name: pedal, dtype: object
Endings:
11     ]
102    ]
184    ]
279    ]
321    ]
326    ]
332    ]
354    ]
Name: pedalend, dtype: object
'float' object is not iterable
2 organ points started, 1 ended! Beginnings:
300    I
449    I
Name: pedal, dtype: object
Endings:
339    ]
Name: pedalend, dtype: object
'float' object is not iterable
2 organ points started, 1 ended! Beginnings:
233    I
686    I
Name: pedal, dtype: object
Endings:
247    ]
Name: pedalend, dtype: object
No global key specified. It might be that this function is being applied in a wrong groupby and gets rows instead of entire frames.
'float' object is not iterable
'float' object is not iterable
