Warnings encountered during the last execution of ms3 review (v1.0.2)
=====================================================================

DCML_HARMONY_SUPERFLUOUS_TONE_REPLACEMENT_WARNING (6, 20, 'V(6b5)') ms3.Parse.ABC.n14op131_07 -- /home/hentsche/PycharmProjects/ms3/src/ms3/utils.py (line 4130) features2tpcs():
	MC 20: V(6b5) results in a chord tone 5th AND its replacement(s) (TPC [-3]). You might want to add a + to distinguish from a suspension, or add this warning to IGNORED_WARNINGS with a comment.
Chord labels where the ratio of colored notes vs. all notes in a segment lies above 0.6:
                                mc   mn mc_onset           label          chord_tones added_tones  n_colored  n_untouched  count_ratio
ABC MS3/n01op18-1_01.mscx 31    27   27        0        ii6(9#4)           (-2, 7, 1)        (3,)        5.0          1.0     0.833333
                          69    56   56        0           @none                 <NA>        <NA>        4.0          0.0     1.000000
                          78    60   60      1/2           @none                 <NA>        <NA>        2.0          0.0     1.000000
                          81    62   62      1/2       viio64/vi          (-5, 1, -2)          ()        4.0          0.0     1.000000
                          87    64   64      3/8           @none                 <NA>        <NA>        3.0          0.0     1.000000
                          96    68   68      1/2           @none                 <NA>        <NA>        2.0          0.0     1.000000
                          106   77   77        0            viio           (5, 2, -1)          ()       25.0          2.0     0.925926
                          165  135  135        0           @none                 <NA>        <NA>        6.0          0.0     1.000000
                          167  136  136      1/4           @none                 <NA>        <NA>        6.0          0.0     1.000000
                          177  141  141        0           @none                 <NA>        <NA>        5.0          0.0     1.000000
                          179  142  142      1/4           @none                 <NA>        <NA>        3.0          0.0     1.000000
                          195  149  149        0       iv.viio43   (-10, -13, -4, -7)          ()       17.0          0.0     1.000000
                          197  150  150        0          viio43   (-10, -13, -4, -7)          ()       17.0          0.0     1.000000
                          234  187  187        0           @none                 <NA>        <NA>        6.0          0.0     1.000000
                          284  217  217        0           @none                 <NA>        <NA>        4.0          0.0     1.000000
                          293  221  221      1/2           @none                 <NA>        <NA>        2.0          0.0     1.000000
                          302  225  225      3/8           @none                 <NA>        <NA>        3.0          0.0     1.000000
                          311  229  229      1/2           @none                 <NA>        <NA>        2.0          0.0     1.000000
                          347  259  259        0              VI            (2, 6, 3)          ()        5.0          0.0     1.000000
                          379  288  288      1/2             V65        (4, 1, -2, 0)          ()        2.0          1.0     0.666667
                          399  307  307        0              iv         (-2, -5, -1)          ()        9.0          5.0     0.642857
                          401  309  309        0             Fr6       (-5, -1, 1, 5)          ()       10.0          5.0     0.666667
    MS3/n01op18-1_02.mscx 101   41   41      3/4               I           (-1, 3, 0)          ()        5.0          1.0     0.833333
                          176   73   73      3/4             IV6            (5, 2, 1)          ()        3.0          1.0     0.750000
                          195   80   80      3/8              vi            (5, 2, 6)          ()        5.0          1.0     0.833333
                          201   82   82      3/4              VI            (5, 9, 6)          ()        9.0          0.0     1.000000
                          208   85   85        0             VII           (7, 11, 8)          ()        9.0          0.0     1.000000
                          220   91   91        0           @none                 <NA>        <NA>       18.0          0.0     1.000000
    MS3/n01op18-1_03.mscx 57    32   32      1/2              ii           (1, -2, 2)          ()        2.0          1.0     0.666667
                          60    34   34      1/2              vi         (-5, -8, -4)          ()        3.0          0.0     1.000000
                          140   75   75      1/4           @none                 <NA>        <NA>        4.0          0.0     1.000000
                          180  106  106        0          V/bVII         (-9, -5, -8)          ()       22.0          0.0     1.000000
                          181  110  110        0          viio65    (-6, -9, -12, -3)          ()        5.0          0.0     1.000000
                          186  121  121        0            V/vi          (-4, 0, -3)          ()       12.0          0.0     1.000000
    MS3/n01op18-1_04.mscx 66    43   43      1/4               I            (1, 5, 2)          ()        4.0          2.0     0.666667
                          212  125  125      1/4               i           (0, -3, 1)          ()        3.0          1.0     0.750000
                          287  172  172      1/4          viio65    (-6, -9, -12, -3)          ()        4.0          0.0     1.000000
                          310  188  188        0          VI.VII           (7, 11, 8)          ()        8.0          4.0     0.666667
                          354  229  229        0             iv6         (-5, -1, -2)          ()        9.0          5.0     0.642857
                          356  230  230        0             iv6         (-5, -1, -2)          ()        9.0          5.0     0.642857
                          408  263  263        0               V            (0, 4, 1)          ()       12.0          4.0     0.750000
                          410  265  265        0           @none                 <NA>        <NA>       32.0          0.0     1.000000
                          468  301  301        0           @none                 <NA>        <NA>        6.0          0.0     1.000000
                          521  329  329        0           @none                 <NA>        <NA>       12.0          0.0     1.000000
                          524  331  331        0           @none                 <NA>        <NA>       12.0          0.0     1.000000
    MS3/n02op18-2_01.mscx 200   97   97        0           @none                 <NA>        <NA>       16.0          0.0     1.000000
    MS3/n02op18-2_02.mscx 140   76   70      5/8             V+6           (6, 10, 2)          ()       10.0          0.0     1.000000
                          144   77   71      3/8               V            (2, 6, 3)          ()        2.0          1.0     0.666667
    MS3/n02op18-2_03.mscx 13    12   10        0            V(4)            (2, 1, 3)          ()       24.0          0.0     1.000000
                          14    13   11        0               V            (2, 6, 3)          ()       16.0          4.0     0.800000
                          135   89   84        0          V.viio            (7, 4, 1)          ()       10.0          0.0     1.000000
                          136   90   85        0       vii%2(+2)         (5, 7, 4, 1)        (2,)        8.0          2.0     0.800000
                          137   91   86        0              V7         (3, 7, 4, 1)          ()       11.0          4.0     0.733333
    MS3/n02op18-2_04.mscx 8     11   11        0               I            (1, 5, 2)          ()        3.0          1.0     0.750000
                          77    62   62      1/8              vi            (5, 2, 6)          ()        2.0          1.0     0.666667
                          113   95   95        0      viio7/bVII       (5, 2, -1, -4)          ()        9.0          0.0     1.000000
                          193  159  159      3/8         iv.V2/V         (0, 2, 6, 3)          ()        3.0          1.0     0.750000
                          346  307  307      3/8             vi7     (-3, -6, -2, -5)          ()        4.0          0.0     1.000000
                          351  312  312        0           viio6         (-4, -7, -1)          ()       10.0          0.0     1.000000
                          355  318  318        0         V[viio6         (-4, -7, -1)          ()       10.0          0.0     1.000000
                          361  323  323        0           viio2    (-10, -1, -4, -7)          ()        4.0          0.0     1.000000
                          362  323  323      1/4          viio43    (-7, -10, -1, -4)          ()        3.0          0.0     1.000000
                          364  325  325        0           viio2    (-10, -1, -4, -7)          ()        4.0          0.0     1.000000
                          365  325  325      1/4          viio43    (-7, -10, -1, -4)          ()        3.0          0.0     1.000000
                          367  327  327        0           viio2    (-10, -1, -4, -7)          ()        4.0          0.0     1.000000
                          368  327  327      1/4          viio43    (-7, -10, -1, -4)          ()        3.0          0.0     1.000000
                          370  329  329        0           viio2    (-10, -1, -4, -7)          ()        4.0          0.0     1.000000
                          371  329  329      1/4          viio43    (-7, -10, -1, -4)          ()        3.0          0.0     1.000000
                          375  335  335        0           viio2    (-10, -1, -4, -7)          ()        3.0          0.0     1.000000
                          376  335  335      1/4          viio43    (-7, -10, -1, -4)          ()        2.0          0.0     1.000000
                          378  337  337        0           viio2    (-10, -1, -4, -7)          ()        3.0          0.0     1.000000
                          379  337  337      1/4          viio43    (-7, -10, -1, -4)          ()        2.0          0.0     1.000000
                          381  339  339        0           viio2    (-10, -1, -4, -7)          ()        3.0          0.0     1.000000
                          382  339  339      1/4          viio43    (-7, -10, -1, -4)          ()        2.0          0.0     1.000000
                          384  340  340      1/4           viio2    (-10, -1, -4, -7)          ()        3.0          0.0     1.000000
                          394  350  350        0          I.Ger6       (-3, 1, -2, 7)          ()       17.0          9.0     0.653846
                          395  352  352        0           V(64)            (2, 1, 5)          ()       10.0          5.0     0.666667
                          396  353  353        0              V7         (2, 6, 3, 0)          ()       10.0          5.0     0.666667
                          397  354  354        0             I\\            (1, 5, 2)          ()        5.0          2.0     0.714286
                          398  354  354      1/4               I            (1, 5, 2)          ()        4.0          2.0     0.666667
    MS3/n03op18-3_01.mscx 108   80   80      1/2               V            (4, 8, 5)          ()        4.0          2.0     0.666667
                          124   91   91        0              I6            (7, 4, 3)          ()        2.0          1.0     0.666667
                          126   91   91      1/2               I            (3, 7, 4)          ()        2.0          0.0     1.000000
                          128   92   92        0      viio6(7)/V            (6, 3, 7)          ()        3.0          1.0     0.750000
                          129   92   92      1/2         viio6/V            (6, 3, 9)          ()        3.0          0.0     1.000000
                          138   96   96        0      viio6(7)/V            (6, 3, 7)          ()        3.0          1.0     0.750000
                          139   96   96      1/4         viio6/V            (6, 3, 9)          ()        4.0          0.0     1.000000
                          232  153  151      1/4           @none                 <NA>        <NA>        4.0          0.0     1.000000
                          238  155  153      1/4           @none                 <NA>        <NA>        4.0          0.0     1.000000
                          259  177  175        0             V65         (7, 4, 1, 3)          ()        7.0          4.0     0.636364
                          278  195  193        0        viio2/vi       (-6, 3, 0, -3)          ()       13.0          1.0     0.928571
                          279  196  194        0       viio43/vi       (-3, -6, 3, 0)          ()       15.0          1.0     0.937500
                          363  254  252      3/4            viio          (2, -1, -4)          ()        4.0          2.0     0.666667
    MS3/n03op18-3_02.mscx 33    11   11        0             ii6           (-3, 1, 0)          ()        7.0          4.0     0.636364
                          97    37   37      1/4             V65        (4, 1, -2, 0)          ()        5.0          3.0     0.625000
                          100   38   38      1/4        #viio/ii            (6, 3, 0)          ()        5.0          3.0     0.625000
                          156   57   57        0             ii6           (-3, 1, 0)          ()        7.0          4.0     0.636364
                          245   87   87      1/4         vio2(2)   (-15, -4, -9, -12)          ()        4.0          0.0     1.000000
                          246   87   87     5/16            vio2   (-15, -6, -9, -12)          ()        3.0          0.0     1.000000
                          247   87   87      3/8       bVII6(#3)        (0, -10, -11)          ()        4.0          0.0     1.000000
                          248   87   87     7/16           bVII6       (-7, -10, -11)          ()        2.0          1.0     0.666667
                          346  127  127      1/4       iiio43/IV      (-5, -8, 1, -2)          ()        4.0          0.0     1.000000
    MS3/n03op18-3_03.mscx 61    36   34        0               I            (2, 6, 3)          ()        2.0          1.0     0.666667
                          71    43   41      1/2       viio65/ii      (-1, -4, -7, 2)          ()        4.0          0.0     1.000000
                          128   79   75        0           iv.vi         (-3, -6, -2)          ()        7.0          2.0     0.777778
                          129   80   76        0             iv6           (-3, 1, 0)          ()        6.0          3.0     0.666667
                          212  129  125      1/4               V            (3, 7, 4)          ()        2.0          0.0     1.000000
                          214  130  126        0           viio7        (7, 4, 1, -2)          ()        5.0          0.0     1.000000
                          229  144  140        0               I            (2, 6, 3)          ()        2.0          1.0     0.666667
    MS3/n03op18-3_04.mscx 1      2    1        0               I            (2, 6, 3)          ()        5.0          2.0     0.714286
                          93    51   50      1/8           @none                 <NA>        <NA>       87.0          0.0     1.000000
                          101   60   59      1/4              V2         (2, 4, 8, 5)          ()        3.0          0.0     1.000000
                          148   91   90      1/4          V/bIII            (1, 5, 2)          ()        2.0          0.0     1.000000
                          149   91   90      3/8            bIII            (0, 4, 1)          ()        2.0          0.0     1.000000
                          203  118  117        0              I6            (6, 3, 2)          ()        7.0          2.0     0.777778
                          209  125  117        0              I6            (6, 3, 2)          ()        7.0          2.0     0.777778
                          243  157  149      3/8           bIII6         (-2, -5, -6)          ()       13.0          0.0     1.000000
                          349  242  234      5/8        viio6/ii          (-1, -4, 2)          ()        4.0          0.0     1.000000
                          514  329  321        0          ii6(2)            (1, 5, 6)          ()        7.0          3.0     0.700000
                          515  330  322        0             ii6            (1, 5, 4)          ()       11.0          4.0     0.733333
    MS3/n04op18-4_01.mscx 19     8    7      1/2          #viio7       (5, 2, -1, -4)          ()        6.0          0.0     1.000000
                          114   41   40      3/4              V7      (-2, 2, -1, -4)          ()        5.0          0.0     1.000000
                          204   73   72      1/2           @none                 <NA>        <NA>        4.0          0.0     1.000000
                          211   78   77        0           @none                 <NA>        <NA>        4.0          0.0     1.000000
                          274  108  106        0             bVI       (-12, -8, -11)          ()       58.0          0.0     1.000000
                          326  129  127      1/2           bVI64       (-11, -12, -8)          ()        2.0          0.0     1.000000
                          429  176  174      1/4          viio64           (-1, 5, 2)          ()       18.0          3.0     0.857143
                          477  190  188      1/2         i.i6(6)          (-3, -4, 0)          ()        2.0          1.0     0.666667
    MS3/n04op18-4_02.mscx 69    48   48      1/8               I            (1, 5, 2)          ()        2.0          1.0     0.666667
                          70    48   48      1/4              V6            (6, 3, 2)          ()        2.0          1.0     0.666667
                          76    51   51        0           @none                 <NA>        <NA>       12.0          0.0     1.000000
                          181  130  130        0              VI           (-1, 3, 0)          ()        5.0          0.0     1.000000
                          272  199  199        0            V/VI            (4, 8, 5)          ()        9.0          3.0     0.750000
                          274  201  201        0            V7/V         (2, 6, 3, 0)          ()        9.0          5.0     0.642857
                          298  213  213      1/8            V+65        (5, 9, -1, 1)          ()        4.0          0.0     1.000000
    MS3/n04op18-4_04.mscx 293  165  156      1/2           viio6         (-5, -8, -2)          ()        5.0          0.0     1.000000
    MS3/n05op18-5_01.mscx 85    42   42      3/8               I            (4, 8, 5)          ()        3.0          1.0     0.750000
                          210  110  109        0              vi         (-2, -5, -1)          ()        6.0          0.0     1.000000
                          328  176  175      1/4           viio6          (-2, -5, 1)          ()        3.0          0.0     1.000000
                          330  176  175      5/8            viio          (1, -2, -5)          ()        3.0          0.0     1.000000
                          342  181  180      5/8        viio6/ii           (0, -3, 3)          ()        2.0          0.0     1.000000
                          348  183  182      3/8               I            (3, 7, 4)          ()        3.0          1.0     0.750000
                          424  225  222      3/8              IV            (2, 6, 3)          ()        7.0          2.0     0.777778
    MS3/n05op18-5_02.mscx 51    42   41      1/2               V           (8, 12, 9)          ()        2.0          1.0     0.666667
    MS3/n05op18-5_03.mscx 31    25   22      1/4               V            (4, 8, 5)          ()       10.0          2.0     0.833333
    MS3/n05op18-5_04.mscx 48    26   25        0        viio6(2)            (6, 3, 4)          ()        5.0          1.0     0.833333
                          49    26   25      1/2           viio6            (6, 3, 9)          ()        6.0          2.0     0.750000
                          228  120  116      1/2              V2        (-1, 1, 5, 2)          ()       11.0          5.0     0.687500
                          229  121  117      1/2         bIII.I6            (4, 1, 0)          ()        6.0          2.0     0.750000
    MS3/n06op18-6_01.mscx 218  168  167        0           @none                 <NA>        <NA>       32.0          0.0     1.000000
                          255  196  195      3/4           viio6          (-1, -4, 2)          ()        5.0          3.0     0.625000
                          257  197  196      3/4           viio6          (-1, -4, 2)          ()        5.0          3.0     0.625000
                          259  198  197      1/4           viio6          (-1, -4, 2)          ()        5.0          3.0     0.625000
                          261  198  197      3/4           viio6          (-1, -4, 2)          ()        5.0          3.0     0.625000
    MS3/n06op18-6_02.mscx 31    12   12    11/32               V          (-2, 2, -1)          ()        4.0          1.0     0.800000
                          134   33   33     3/16               V          (-2, 2, -1)          ()        3.0          1.0     0.750000
    MS3/n06op18-6_03.mscx 85    34   32        0           I(94)         (-2, -3, -1)        (0,)        2.0          1.0     0.666667
                          146   63   58      1/2           iii64           (3, 2, -1)          ()        5.0          1.0     0.833333
    MS3/n06op18-6_04.mscx 50    31   31      1/4     #viio43/iii      (-6, -9, 0, -3)          ()        6.0          0.0     1.000000
                          51    32   32        0            iii6         (-8, -4, -5)          ()       16.0          0.0     1.000000
                          52    32   32      1/4          V65/vi     (-1, -4, -7, -5)          ()        9.0          0.0     1.000000
                          53    33   33        0              vi         (-6, -9, -5)          ()        3.0          0.0     1.000000
                          54    33   33      1/4          V6/iii          (0, -3, -4)          ()        5.0          0.0     1.000000
                          55    34   34        0             iii         (-5, -8, -4)          ()        4.0          0.0     1.000000
                          67    41   41      1/4           bV7/V     (-5, -1, -4, -7)          ()        3.0          0.0     1.000000
                          84    50   49      1/8       #viio6/vi         (-4, -7, -1)          ()        4.0          0.0     1.000000
                          87    51   50      1/8           V6/vi         (-1, -4, -5)          ()        4.0          0.0     1.000000
                          88    51   50      1/4              vi         (-6, -9, -5)          ()        4.0          0.0     1.000000
                          103   58   57      1/8           vii%7    (-4, -7, -10, -6)          ()        5.0          0.0     1.000000
                          106   59   58      1/8       #viio7/vi    (-1, -4, -7, -10)          ()        5.0          0.0     1.000000
                          107   59   58      1/4              vi         (-6, -9, -5)          ()        5.0          0.0     1.000000
                          346  224  223      1/8             V43       (0, -3, -1, 3)          ()        3.0          1.0     0.750000
    MS3/n07op59-1_01.mscx 50    42   42        0               V            (1, 5, 2)          ()        8.0          5.0     0.615385
                          175  135  135        0       #viio7/vi      (2, -1, -4, -7)          ()        7.0          1.0     0.875000
                          176  136  136        0      #viio43/vi      (-4, -7, 2, -1)          ()       32.0          1.0     0.969697
                          177  137  137      3/4           V2/vi      (-4, -2, 2, -1)          ()        6.0          2.0     0.750000
                          195  163  163      1/2           bvii6       (-13, -9, -10)          ()        5.0          0.0     1.000000
                          213  177  177      1/4              IV         (-6, -2, -5)          ()        4.0          2.0     0.666667
                          252  206  206        0          IV6(7)         (-2, -5, -1)          ()        5.0          3.0     0.625000
                          267  223  223        0           vio65       (0, -3, -6, 3)          ()        7.0          3.0     0.700000
                          395  317  317      1/4         viio(4)           (4, 3, -2)          ()        4.0          2.0     0.666667
                          457  369  369        0               V            (0, 4, 1)          ()        2.0          1.0     0.666667
                          459  369  369      1/2               V            (0, 4, 1)          ()        4.0          1.0     0.800000
    MS3/n07op59-1_02.mscx 31    36   36        0      viio43/iii      (-6, -9, 0, -3)          ()       24.0          0.0     1.000000
                          105   94   94        0          #viio2        (-2, 7, 4, 1)          ()       13.0          3.0     0.812500
                          112  100  100        0           @none                 <NA>        <NA>       12.0          0.0     1.000000
                          236  183  183        0           V/iii         (10, 14, 11)          ()        4.0          0.0     1.000000
                          283  227  227     1/16            ii64           (1, 0, -3)          ()        3.0          1.0     0.750000
                          290  230  230        0           V7/IV      (-2, 2, -1, -4)          ()       15.0          9.0     0.625000
                          358  262  262        0           IV(2)          (-1, 1, -2)          ()        4.0          2.0     0.666667
                          374  278  278      1/4          IV7(4)      (-3, 3, -2, -5)          ()        4.0          2.0     0.666667
                          413  301  301        0           @none                 <NA>        <NA>       12.0          0.0     1.000000
                          417  306  306        0               V            (0, 4, 1)          ()        7.0          4.0     0.636364
                          438  325  325        0            V7/v        (6, 10, 7, 4)          ()       14.0          0.0     1.000000
                          439  326  326        0             V/v           (6, 10, 7)          ()       33.0          0.0     1.000000
                          479  363  363      1/4          III(4)         (-5, -6, -4)          ()        3.0          1.0     0.750000
                          482  365  365      1/4          v.bVI2  (-14, -12, -8, -11)          ()        4.0          0.0     1.000000
                          486  368  368        0            iii6         (-7, -3, -4)          ()        4.0          0.0     1.000000
                          492  373  373        0              i6         (-5, -1, -2)          ()        6.0          2.0     0.750000
                          505  386  386        0              i6         (-5, -1, -2)          ()        5.0          3.0     0.625000
                          578  434  434      1/4             IV6          (0, -3, -4)          ()        3.0          0.0     1.000000
                          583  438  438        0              V2     (-8, -6, -2, -5)          ()       18.0          6.0     0.750000
                          615  455  455        0              V7         (5, 9, 6, 3)          ()       18.0          6.0     0.750000
                          616  456  456        0              V2         (3, 5, 9, 6)          ()        8.0          0.0     1.000000
    MS3/n07op59-1_03.mscx 109   35   34     7/32           @none                 <NA>        <NA>       13.0          0.0     1.000000
                          111   36   35        0           V65/V         (6, 3, 0, 2)          ()        3.0          1.0     0.750000
                          303  108  107    11/32         Ger6/iv      (-6, -2, -5, 4)          ()        6.0          2.0     0.750000
    MS3/n07op59-1_04.mscx 193  113  113        0           @none                 <NA>        <NA>       10.0          0.0     1.000000
    MS3/n08op59-2_01.mscx 8      9    9        0           viio7      (2, -1, -4, -7)          ()        7.0          0.0     1.000000
                          88    45   45      3/8        ii6(#76)            (0, 6, 8)          ()        6.0          2.0     0.750000
                          91    46   46        0           V6(2)            (6, 3, 4)          ()        8.0          5.0     0.615385
                          171   76   74        0               i         (-3, -6, -2)          ()        3.0          1.0     0.750000
                          205  110  108        0           @none                 <NA>        <NA>       36.0          0.0     1.000000
                          224  120  118      3/8              iv           (1, -2, 2)          ()       10.0          6.0     0.625000
                          252  136  134      1/4           @none                 <NA>        <NA>       28.0          0.0     1.000000
                          255  138  136      3/8               i            (4, 1, 5)          ()        8.0          4.0     0.666667
                          258  139  137      3/8              vi           (0, -3, 1)          ()        8.0          4.0     0.666667
                          290  158  156      1/8           @none                 <NA>        <NA>       28.0          0.0     1.000000
                          296  165  163        0         #viio43         (3, 0, 9, 6)          ()       19.0          0.0     1.000000
                          327  188  186        0           V6(2)            (9, 6, 7)          ()        8.0          5.0     0.615385
                          352  194  192      1/4           viio7         (9, 6, 3, 0)          ()        3.0          1.0     0.750000
                          391  211  206      3/8        bi.viio7   (-5, -8, -11, -14)          ()       16.0          0.0     1.000000
                          392  212  207      3/8            bV65    (-5, -8, -11, -9)          ()       11.0          0.0     1.000000
                          404  222  216      3/8             bi6         (-6, -2, -3)          ()        9.0          0.0     1.000000
    MS3/n08op59-2_02.mscx 25    11   11      1/4        viio7(4)         (9, 8, 3, 0)          ()        2.0          0.0     1.000000
                          58    24   24      1/2             V64           (7, 6, 10)          ()        5.0          1.0     0.833333
                          85    33   33      1/2            V[vi            (8, 5, 9)          ()        5.0          1.0     0.833333
                          89    35   35      1/2            vi64            (9, 8, 5)          ()       12.0          5.0     0.705882
                          111   49   49        0             V64           (7, 6, 10)          ()       18.0          8.0     0.692308
                          143   65   65      1/3      viio43/iii      (-6, -9, 0, -3)          ()        7.0          0.0     1.000000
    MS3/n08op59-2_03.mscx 59    45   43      1/2          viio64          (-4, 2, -1)          ()       11.0          0.0     1.000000
                          61    47   45      1/2          viio64          (-4, 2, -1)          ()       11.0          0.0     1.000000
                          63    49   47        0          viio64          (-4, 2, -1)          ()        7.0          0.0     1.000000
                          237  127  119      1/4        viio7/vi       (5, 2, -1, -4)          ()        4.0          0.0     1.000000
    MS3/n08op59-2_04.mscx 97    65   65        0           v(42)            (0, 4, 6)          ()        5.0          2.0     0.714286
                          135   93   93      3/4           VI.V6            (5, 2, 1)          ()       78.0         49.0     0.614173
                          227  166  166        0            vi.i           (0, -3, 1)          ()        5.0          1.0     0.833333
                          240  176  176      3/8           bVI64         (-5, -6, -2)          ()        2.0          1.0     0.666667
                          241  176  176      1/2            bIII         (-5, -1, -4)          ()        2.0          1.0     0.666667
                          242  176  176      7/8         bVII(4)          (-4, 2, -3)          ()        3.0          1.0     0.750000
                          243  177  177        0            bIII         (-5, -1, -4)          ()        4.0          1.0     0.800000
                          244  177  177      1/4         bVII(4)          (-4, 2, -3)          ()        3.0          0.0     1.000000
                          245  177  177      1/2              i6         (-5, -1, -2)          ()        3.0          0.0     1.000000
                          287  202  202        0              ii           (2, -1, 3)          ()        9.0          4.0     0.692308
                          296  210  210      3/4          viio64          (-4, 2, -1)          ()        1.0          0.0     1.000000
                          430  321  321        0              v7         (5, 2, 6, 3)          ()        4.0          2.0     0.666667
    MS3/n09op59-3_01.mscx 80    66   65      3/4         viio7/V        (6, 3, 0, -3)          ()        2.0          0.0     1.000000
                          84    68   67      1/2         viio7/V        (6, 3, 0, -3)          ()        3.0          0.0     1.000000
                          153   93   92      3/4        viio6/ii          (-2, -5, 1)          ()        4.0          0.0     1.000000
                          199  107  106      1/4           @none                 <NA>        <NA>       14.0          0.0     1.000000
                          203  111  110      1/8           @none                 <NA>        <NA>       11.0          0.0     1.000000
                          206  114  113      1/2   bIII.I64(7#4)            (3, 2, 1)          ()        3.0          1.0     0.750000
                          209  115  114      1/2          iiio64          (-5, 1, -2)          ()        4.0          0.0     1.000000
                          304  165  164      1/2         V65(64)     (-5, -1, -6, -4)          ()        2.0          0.0     1.000000
                          307  166  165      1/4         i.viio7    (-2, -5, -8, -11)          ()        6.0          0.0     1.000000
                          337  194  193        0           iiio2    (-12, -3, -6, -9)          ()        7.0          0.0     1.000000
                          338  195  194        0           viio6         (-5, -8, -2)          ()        3.0          0.0     1.000000
                          339  195  194      1/4           viio2    (-11, -2, -5, -8)          ()        1.0          0.0     1.000000
                          343  197  196      1/2            viio         (-2, -5, -8)          ()       19.0          0.0     1.000000
                          346  199  198      1/2            viio         (-2, -5, -8)          ()       22.0          0.0     1.000000
                          353  202  201      1/2            viio         (-2, -5, -8)          ()       16.0          0.0     1.000000
                          387  216  215        0            iii6         (-6, -2, -3)          ()        8.0          0.0     1.000000
                          391  218  217        0          viio65    (-5, -8, -11, -2)          ()       12.0          0.0     1.000000
                          395  220  219        0          viio65    (-5, -8, -11, -2)          ()       10.0          0.0     1.000000
                          400  221  220      3/4           viio2    (-11, -2, -5, -8)          ()        1.0          0.0     1.000000
                          422  233  232        0          ii6(2)          (-1, 3, -3)          ()        1.0          0.0     1.000000
                          430  236  235        0         V(2)/vi          (-8, 1, -2)          ()        4.0          0.0     1.000000
                          431  236  235      1/4            V/vi          (-3, 1, -2)          ()        3.0          0.0     1.000000
                          432  236  235      1/2            vi64         (-3, -4, -7)          ()        6.0          0.0     1.000000
                          433  237  236        0            V/vi          (-3, 1, -2)          ()        4.0          0.0     1.000000
                          434  237  236      1/4           V6/vi          (1, -2, -3)          ()        4.0          0.0     1.000000
                          435  237  236      1/2              vi         (-4, -7, -3)          ()        3.0          0.0     1.000000
                          436  237  236      3/4             vi6         (-7, -3, -4)          ()        4.0          0.0     1.000000
                          444  242  241      3/4           III65      (1, -2, -5, -3)          ()        3.0          0.0     1.000000
                          445  243  242        0              vi         (-4, -7, -3)          ()        4.0          0.0     1.000000
                          446  243  242      1/4          #vii43         (6, 3, 5, 2)          ()        4.0          0.0     1.000000
                          460  252  251      1/2           viio6         (-5, -8, -2)          ()        3.0          0.0     1.000000
                          499  265  264      1/4           bVII6         (-5, -8, -9)          ()        3.0          0.0     1.000000
                          500  265  264      1/2           viio6         (-5, -8, -2)          ()        3.0          0.0     1.000000
                          505  266  265      3/4            iii6         (-6, -2, -3)          ()        3.0          0.0     1.000000
                          509  267  266      3/4       #viio6/vi          (-2, -5, 1)          ()        3.0          0.0     1.000000
                          510  268  267        0             vi6         (-7, -3, -4)          ()        5.0          0.0     1.000000
    MS3/n09op59-3_02.mscx 52    24   24      3/8           #viio            (8, 5, 2)          ()       12.0          7.0     0.631579
                          58    26   26      3/8           #viio            (8, 5, 2)          ()       12.0          7.0     0.631579
                          95    40   40      3/8          #viio2       (-4, 5, 2, -1)          ()        5.0          0.0     1.000000
                          421  180  180      3/8           #viio            (8, 5, 2)          ()       12.0          7.0     0.631579
                          425  182  182      3/8           #viio            (8, 5, 2)          ()       12.0          7.0     0.631579
                          428  184  184      1/4           @none                 <NA>        <NA>        6.0          0.0     1.000000
                          444  189  189      3/8              vo          (0, -3, -6)          ()        6.0          0.0     1.000000
                          461  195  195      3/8           #viio            (8, 5, 2)          ()       12.0          7.0     0.631579
                          464  196  196      3/8           #viio            (8, 5, 2)          ()       10.0          6.0     0.625000
                          467  197  197      3/8           #viio            (8, 5, 2)          ()       12.0          7.0     0.631579
                          471  200  200      3/8             i64            (4, 3, 0)          ()        2.0          1.0     0.666667
                          473  201  201      3/8             i64            (4, 3, 0)          ()        2.0          1.0     0.666667
                          475  202  202      3/8             i64            (4, 3, 0)          ()        2.0          1.0     0.666667
    MS3/n09op59-3_03.mscx 173   94   94      1/4             iv6          (-4, 0, -1)          ()        4.0          0.0     1.000000
    MS3/n09op59-3_04.mscx 70    34   33      3/8              V6            (5, 2, 1)          ()        4.0          0.0     1.000000
                          85    37   36      3/4            V2/V         (0, 2, 6, 3)          ()        6.0          0.0     1.000000
                          91    39   38      1/2           @none                 <NA>        <NA>       10.0          0.0     1.000000
                          121   59   58      1/2           V65/V         (7, 4, 1, 3)          ()       13.0          5.0     0.722222
                          215  106  105      1/2             bVI       (-12, -8, -11)          ()        6.0          0.0     1.000000
                          234  114  113        0        i[viio43       (-1, -4, 5, 2)          ()       24.0          0.0     1.000000
                          237  118  117        0         i[viio2       (-4, 5, 2, -1)          ()       23.0          0.0     1.000000
                          324  201  200        0           @none                 <NA>        <NA>       31.0          0.0     1.000000
                          538  321  320      3/4           viio2    (-11, -2, -5, -8)          ()       10.0          0.0     1.000000
                          540  322  321      1/4           viio2    (-11, -2, -5, -8)          ()       12.0          0.0     1.000000
                          542  322  321      3/4           viio2    (-11, -2, -5, -8)          ()       12.0          0.0     1.000000
                          583  348  347        0             iii         (-3, -6, -2)          ()        7.0          0.0     1.000000
                          595  354  353      1/2           viio6         (-5, -8, -2)          ()        9.0          0.0     1.000000
                          597  355  354      1/2            viio         (-2, -5, -8)          ()        9.0          0.0     1.000000
                          598  356  355        0            vi64         (-3, -4, -7)          ()       10.0          0.0     1.000000
                          599  356  355      1/2            V/vi          (-3, 1, -2)          ()        9.0          0.0     1.000000
                          608  362  361      1/2            viio         (-2, -5, -8)          ()        6.0          0.0     1.000000
                          612  364  363      1/2            viio         (-2, -5, -8)          ()        6.0          0.0     1.000000
                          621  369  368      1/2          iiio64         (-9, -3, -6)          ()        6.0          0.0     1.000000
                          632  382  381      1/2              vi         (-4, -7, -3)          ()       16.0          0.0     1.000000
                          639  386  385        0           @none                 <NA>        <NA>        4.0          0.0     1.000000
                          642  389  388        0           @none                 <NA>        <NA>        2.0          0.0     1.000000
                          645  392  391        0             iii         (-3, -6, -2)          ()        5.0          0.0     1.000000
                          649  394  393        0           @none                 <NA>        <NA>        5.0          0.0     1.000000
                          654  396  395      1/2            viio         (-2, -5, -8)          ()        9.0          0.0     1.000000
                          658  398  397      1/2            viio         (-2, -5, -8)          ()       10.0          0.0     1.000000
                          684  420  419        0           viio6         (-5, -8, -2)          ()       16.0          0.0     1.000000
                          685  420  419      1/2             vi7     (-4, -7, -3, -6)          ()       16.0          0.0     1.000000
                          689  422  421      1/2           viio6         (-5, -8, -2)          ()       16.0          0.0     1.000000
    MS3/n10op74_01.mscx   7      4    4        0       viio65/ii    (-6, -9, -12, -3)          ()        6.0          0.0     1.000000
                          55    18   18      1/2             ivo        (-4, -7, -10)          ()        1.0          0.0     1.000000
                          69    23   23        0        III64/vi          (-2, -3, 1)          ()        4.0          1.0     0.800000
                          70    23   23      1/2       viio43/ii    (-9, -12, -3, -6)          ()        9.0          0.0     1.000000
                          124   50   50      1/4               I          (-2, 2, -1)          ()        1.0          0.0     1.000000
                          139   58   58      3/4       viio43/ii    (-8, -11, -2, -5)          ()        5.0          0.0     1.000000
                          182   91   91        0           V43/V        (2, -1, 1, 5)          ()       21.0          5.0     0.807692
                          233  114  114        0      viio7/biii   (-5, -8, -11, -14)          ()       20.0          0.0     1.000000
                          279  153  153        0       viio65/ii    (-6, -9, -12, -3)          ()       32.0          0.0     1.000000
                          293  159  159      1/2           iv%43    (-10, -6, -4, -7)          ()       10.0          0.0     1.000000
                          328  176  176      7/8          vii/ii         (-3, -6, -2)          ()        3.0          0.0     1.000000
                          337  182  182      1/2               I          (-3, 1, -2)          ()        2.0          1.0     0.666667
    MS3/n10op74_02.mscx   64    25   25        0           iv%43    (-11, -7, -5, -8)          ()        3.0          1.0     0.750000
                          85    39   39     5/16            V/IV         (-7, -3, -6)          ()        1.0          0.0     1.000000
                          116   63   63        0           @none                 <NA>        <NA>        4.0          0.0     1.000000
                          141   73   73      1/3            vi64          (0, -1, -4)          ()        3.0          1.0     0.750000
                          185  100  100      1/4        viio/iii         (-2, -5, -8)          ()        8.0          0.0     1.000000
                          206  110  110      1/4           @none                 <NA>        <NA>       50.0          0.0     1.000000
                          207  113  113      1/4            bVI6      (-11, -14, -15)          ()        4.0          0.0     1.000000
                          209  113  113      1/3            bVI6      (-11, -14, -15)          ()        4.0          0.0     1.000000
                          224  121  121      1/8              ii         (-2, -5, -1)          ()        6.0          2.0     0.750000
                          274  146  146        0           V7(4)     (-3, -4, -2, -5)          ()        4.0          2.0     0.666667
    MS3/n10op74_03.mscx   3      8    7      1/4           @none                 <NA>        <NA>        5.0          0.0     1.000000
                          68    69   67        0              ii           (2, -1, 3)          ()        6.0          0.0     1.000000
                          117  119  116        0             iio          (2, -1, -4)          ()        4.0          1.0     0.800000
                          119  121  118        0            V6/V            (6, 3, 2)          ()        4.0          1.0     0.800000
                          120  122  119        0           V64/V            (3, 2, 6)          ()        4.0          1.0     0.800000
                          122  124  121        0            V6/V            (6, 3, 2)          ()        6.0          2.0     0.750000
                          123  125  122        0             V/V            (2, 6, 3)          ()        6.0          2.0     0.750000
                          124  126  123        0           V43/V         (3, 0, 2, 6)          ()        7.0          3.0     0.700000
                          125  127  124        0           V43/V         (3, 0, 2, 6)          ()        7.0          3.0     0.700000
                          126  128  125        0           V43/V         (3, 0, 2, 6)          ()        4.0          1.0     0.800000
                          156  162  159        0             IV2       (-3, -1, 3, 0)          ()        5.0          3.0     0.625000
                          208  222  217        0             V/V            (2, 6, 3)          ()        7.0          2.0     0.777778
                          233  239  234        0              ii           (2, -1, 3)          ()        6.0          0.0     1.000000
                          358  379  373        0       iv.vii%65     (-6, -9, -5, -3)          ()        7.0          3.0     0.700000
                          372  400  394        0             V/V            (2, 6, 3)          ()        7.0          2.0     0.777778
                          387  411  405      1/4             IV6           (3, 0, -1)          ()        8.0          1.0     0.888889
    MS3/n10op74_04.mscx   90    45   40        0               V          (-2, 2, -1)          ()        2.0          1.0     0.666667
                          219  144  130        0     bVII.vi6(4)         (-3, -1, -2)          ()        4.0          1.0     0.800000
    MS3/n11op95_01.mscx   19    14   14      1/2          vii%65     (-6, -9, -5, -3)          ()        3.0          1.0     0.750000
                          29    18   18      1/4               i          (-1, -4, 0)          ()        8.0          4.0     0.666667
                          33    20   20        0           @none                 <NA>        <NA>       64.0          0.0     1.000000
                          63    32   32      1/2        viio7/vi   (-4, -7, -10, -13)          ()       14.0          0.0     1.000000
                          66    33   33     5/12       viio7/iii    (-3, -6, -9, -12)          ()        3.0          0.0     1.000000
                          67    33   33      1/2              iv         (-6, -9, -5)          ()        6.0          2.0     0.750000
                          69    33   33    11/12       viio7/iii    (-3, -6, -9, -12)          ()        3.0          0.0     1.000000
                          88    49   49        0        #viio/ii          (2, -1, -4)          ()       24.0          8.0     0.750000
                          121   78   78        0            i(6)         (-1, -4, -5)          ()       10.0          5.0     0.666667
                          124   80   80        0            i(6)         (-1, -4, -5)          ()       10.0          5.0     0.666667
                          127   81   81        0             VI7     (-5, -1, -4, -7)          ()       10.0          5.0     0.666667
                          133   85   85        0           @none                 <NA>        <NA>       64.0          0.0     1.000000
                          165  102  102        0           vi(4)            (2, 1, 3)          ()       22.0         12.0     0.647059
                          216  139  139      1/2          #vii43         (5, 2, 4, 1)          ()       16.0          2.0     0.888889
    MS3/n11op95_02.mscx   61    36   36        0           @none                 <NA>        <NA>       14.0          0.0     1.000000
                          98    53   53      1/4           viio7        (7, 4, 1, -2)          ()        6.0          1.0     0.857143
                          142   73   73        0          bIII.I           (-1, 3, 0)          ()        2.0          0.0     1.000000
                          143   74   74        0              vi           (2, -1, 3)          ()        3.0          0.0     1.000000
                          144   74   74      1/4             vi2        (0, 2, -1, 3)          ()        1.0          0.0     1.000000
                          185   91   91        0       viio64/vi           (-3, 3, 0)          ()        7.0          0.0     1.000000
                          187   92   92        0           I6(2)            (6, 3, 4)          ()        4.0          1.0     0.800000
                          189   92   92      3/8            bII2      (-5, -3, 1, -2)          ()        2.0          1.0     0.666667
                          207  105  105      3/8           ivo65      (-2, -5, -8, 1)          ()        3.0          1.0     0.750000
                          210  106  106      3/8          I[V7/V         (4, 8, 5, 2)          ()        4.0          1.0     0.800000
                          219  112  112      1/8               I            (2, 6, 3)          ()        4.0          2.0     0.666667
                          319  167  167      1/8          vii7/V         (8, 5, 9, 6)          ()        5.0          2.0     0.714286
                          335  176  176        0     vii2(4)/iii         (2, 4, 3, 5)          ()        4.0          0.0     1.000000
                          336  176  176      1/8        vii2/iii         (2, 4, 1, 5)          ()        3.0          0.0     1.000000
    MS3/n11op95_03.mscx   89    33   33      1/2             VI7     (-5, -1, -4, -7)          ()        2.0          1.0     0.666667
                          110   46   46        0         viio/ii        (-6, -9, -12)          ()        9.0          0.0     1.000000
                          120   53   53        0             IV6         (-3, -6, -7)          ()        2.0          0.0     1.000000
                          134   65   65      1/4              #i           (1, -2, 2)          ()        4.0          0.0     1.000000
                          338  193  193      1/4         bII(64)          (-6, 0, -3)          ()        3.0          1.0     0.750000
    MS3/n11op95_04.mscx   122   63   62      5/8         vii43/V         (6, 3, 5, 2)          ()       28.0         16.0     0.636364
                          131   71   70      3/8            V/iv         (-5, -1, -4)          ()        5.0          3.0     0.625000
                          132   72   71        0        vi.iv[iv         (-6, -9, -5)          ()        5.0          2.0     0.714286
                          133   72   71      1/8           V6/vi         (-4, -7, -8)          ()        3.0          0.0     1.000000
                          134   72   71      1/4           V7/vi    (-8, -4, -7, -10)          ()        3.0          1.0     0.750000
                          135   72   71      3/8              vi        (-9, -12, -8)          ()        4.0          0.0     1.000000
                          136   72   71      1/2              V6          (0, -3, -4)          ()        3.0          0.0     1.000000
                          138   73   72        0               i         (-5, -8, -4)          ()        6.0          1.0     0.857143
                          139   73   72      1/4           V7/vi    (-8, -4, -7, -10)          ()        3.0          1.0     0.750000
                          140   73   72      3/8              iv         (-6, -9, -5)          ()        3.0          1.0     0.750000
                          141   73   72      1/2              V6          (0, -3, -4)          ()        3.0          0.0     1.000000
                          143   74   73        0              i]         (-5, -8, -4)          ()       10.0          4.0     0.714286
                          145   74   73      5/8               i         (-5, -8, -4)          ()        5.0          3.0     0.625000
                          170   81   80      3/8          iv6(4)         (-3, -1, -2)          ()        2.0          1.0     0.666667
                          172   81   80      5/8             V43        (1, -2, 0, 4)          ()        4.0          1.0     0.800000
                          176   82   81      3/8          V(6)/V            (1, 5, 4)          ()        4.0          1.0     0.800000
                          256  134  133        0  I.V[viio64/vii          (-4, 2, -1)          ()        7.0          0.0     1.000000
                          257  134  133      1/2          viio64           (-2, 4, 1)          ()        5.0          3.0     0.625000
                          303  161  160      1/2              ii           (1, -2, 2)          ()        3.0          1.0     0.750000
                          317  169  168        0           @none                 <NA>        <NA>        4.0          0.0     1.000000
    MS3/n12op127_01.mscx  16    10   10      1/2           @none                 <NA>        <NA>        3.0          0.0     1.000000
                          35    18   18        0           I6(4)         (-4, -2, -3)          ()        3.0          1.0     0.750000
                          77    34   34        0               I          (-3, 1, -2)          ()        2.0          1.0     0.666667
                          124   54   54      1/4        IV64(#5)            (8, 0, 4)          ()        4.0          0.0     1.000000
                          139   60   60        0            V(2)           (-3, 6, 3)          ()        3.0          1.0     0.750000
                          215   98   98        0          I6(72)         (5, 2, 3, 6)          ()        2.0          1.0     0.666667
                          220  100  100        0             VII           (6, 10, 7)          ()        3.0          0.0     1.000000
                          250  114  114        0            i(2)           (2, -3, 1)          ()        2.0          1.0     0.666667
                          299  147  147      1/4         I.viio6          (-1, -4, 2)          ()       29.0          7.0     0.805556
                          302  154  154        0        viio7/ii    (-3, -6, -9, -12)          ()       14.0          0.0     1.000000
                          303  155  155        0              V7      (-2, 2, -1, -4)          ()       29.0         11.0     0.725000
                          307  162  162        0       ii.viio65    (-6, -9, -12, -3)          ()        9.0          0.0     1.000000
                          312  165  165        0          viio65    (-6, -9, -12, -3)          ()       14.0          0.0     1.000000
                          354  178  178      3/8           @none                 <NA>        <NA>       12.0          0.0     1.000000
                          390  201  201      1/4      V7(2)/bVII    (-7, -5, -8, -11)          ()        5.0          0.0     1.000000
                          416  213  213      1/8            viio          (2, -1, -4)          ()        6.0          0.0     1.000000
                          431  220  220        0           IV(9)          (-4, 0, -3)       (-2,)        6.0          2.0     0.750000
                          435  222  222        0        viio7/vi    (-2, -5, -8, -11)          ()        4.0          0.0     1.000000
                          442  224  224        0          V64(2)           (-1, 0, 2)          ()        3.0          1.0     0.750000
                          515  263  263      1/2             ivo        (-4, -7, -10)          ()       15.0          0.0     1.000000
                          554  280  280      1/4           I6(7)           (1, -2, 2)          ()        1.0          0.0     1.000000
    MS3/n12op127_02.mscx  145   33   31    23/16      viio65/iii    (-5, -8, -11, -2)          ()        3.0          1.0     0.750000
                          283   61   58      3/4              iv         (-5, -8, -4)          ()        8.0          0.0     1.000000
                          445  103   99     11/8              V6          (0, -3, -4)          ()        4.0          2.0     0.666667
    MS3/n12op127_03.mscx  79    38   37        0           @none                 <NA>        <NA>       72.0          0.0     1.000000
                          118   57   56        0        i.#viio6          (-1, -4, 2)          ()        5.0          3.0     0.625000
                          136   65   64        0             i\\         (-6, -9, -5)          ()        8.0          0.0     1.000000
                          137   65   64      1/4               i         (-6, -9, -5)          ()       16.0          0.0     1.000000
                          140   67   66      1/4           @none                 <NA>        <NA>       86.0          0.0     1.000000
                          147   75   74        0              IV            (0, 4, 1)          ()        2.0          0.0     1.000000
                          155   81   80        0              IV           (-1, 3, 0)          ()        2.0          0.0     1.000000
                          160   84   83      1/2             iv6         (-5, -1, -2)          ()        2.0          1.0     0.666667
                          260  125  123      1/2              V6          (2, -1, -2)          ()        8.0          2.0     0.800000
                          293  138  136     3/16             V64          (-1, -2, 2)          ()        4.0          2.0     0.666667
                          312  162  160        0            vio6       (-10, -13, -7)          ()        3.0          0.0     1.000000
    MS3/n12op127_04.mscx  2      2    2      3/4               I          (-3, 1, -2)          ()       12.0          4.0     0.750000
                          151   58   58      1/4           @none                 <NA>        <NA>        4.0          0.0     1.000000
                          181   67   67        0           @none                 <NA>        <NA>       21.0          0.0     1.000000
                          205   81   81        0         viio/ii         (-2, -5, -8)          ()       16.0          0.0     1.000000
                          210   82   82      3/4           @none                 <NA>        <NA>       24.0          0.0     1.000000
                          213   85   85        0         viio/ii         (-2, -5, -8)          ()       16.0          0.0     1.000000
                          218   86   86      3/4           @none                 <NA>        <NA>       48.0          0.0     1.000000
                          223   93   93        0        viio7/vi    (-2, -5, -8, -11)          ()        4.0          0.0     1.000000
                          229   97   97        0           @none                 <NA>        <NA>       71.0          0.0     1.000000
                          253  110  110      1/4           @none                 <NA>        <NA>        4.0          0.0     1.000000
                          265  114  114        0           @none                 <NA>        <NA>        4.0          0.0     1.000000
                          267  114  114      1/2            viio         (-2, -5, -8)          ()        4.0          0.0     1.000000
                          281  118  118        0           @none                 <NA>        <NA>        6.0          0.0     1.000000
                          285  119  119        0           @none                 <NA>        <NA>       10.0          0.0     1.000000
                          299  124  124      1/2           V6(2)           (5, 2, -4)          ()        3.0          1.0     0.750000
                          369  159  159      1/2          biio64       (-15, -9, -12)          ()        4.0          0.0     1.000000
                          383  166  166      3/4            IV+6          (-1, 3, -5)          ()        4.0          0.0     1.000000
                          410  174  174      3/4            ii64         (-1, -2, -5)          ()        7.0          1.0     0.875000
                          465  199  199      1/4             ii7      (-1, -4, 0, -3)          ()        3.0          1.0     0.750000
                          601  246  246      3/4           @none                 <NA>        <NA>       22.0          0.0     1.000000
                          620  264  264        0        #iv.viio          (1, -2, -5)          ()        9.0          0.0     1.000000
                          634  272  272      1/8       viio6/iii         (-4, -7, -1)          ()       19.0          0.0     1.000000
    MS3/n13op130_01.mscx  168   52   51      1/4           @none                 <NA>        <NA>       28.0          0.0     1.000000
                          195   68   67        0               V         (-5, -1, -4)          ()        9.0          3.0     0.750000
                          282   92   91        0           @none                 <NA>        <NA>        8.0          0.0     1.000000
                          285   95   94        0           @none                 <NA>        <NA>       36.0          0.0     1.000000
                          293   99   98      1/4               I         (-6, -2, -5)          ()       13.0          0.0     1.000000
                          297  101  100      1/2              I6            (6, 3, 2)          ()        2.0          1.0     0.666667
                          484  153  152    15/16         V2/bVII  (-13, -11, -7, -10)          ()        2.0          0.0     1.000000
                          664  215  214      1/4           @none                 <NA>        <NA>       24.0          0.0     1.000000
    MS3/n13op130_02.mscx  88    52   52        0           @none                 <NA>        <NA>       41.0          0.0     1.000000
                          91    60   60        0           @none                 <NA>        <NA>       11.0          0.0     1.000000
                          94    64   64        0           @none                 <NA>        <NA>       13.0          0.0     1.000000
                          112   73   73      1/4           @none                 <NA>        <NA>        8.0          0.0     1.000000
                          168  100  100      1/2             ii6           (-3, 1, 0)          ()        2.0          1.0     0.666667
                          178  106  106      1/2             ii6           (-3, 1, 0)          ()        3.0          1.0     0.750000
    MS3/n13op130_03.mscx  0      1    1        0     Db.viio6(2)         (-3, -6, -5)          ()        2.0          1.0     0.666667
                          3      2    2      1/4        viio6(2)         (-3, -6, -5)          ()        3.0          1.0     0.750000
                          62    13   13        0           V7/vi        (0, 4, 1, -2)          ()        7.0          4.0     0.636364
                          63    13   13      1/4              vi          (-1, -4, 0)          ()       10.0          2.0     0.833333
                          65    14   14        0           @none                 <NA>        <NA>        4.0          0.0     1.000000
                          237   49   49        0           @none                 <NA>        <NA>        4.0          0.0     1.000000
                          269   54   54      1/4    viio7(b4)/ii   (-2, -10, -8, -11)          ()        4.0          0.0     1.000000
                          325   67   66        0           @none                 <NA>        <NA>       20.0          0.0     1.000000
                          411   84   83    15/16             IV6         (-2, -5, -6)          ()        1.0          0.0     1.000000
    MS3/n13op130_05.mscx  3      1    1    11/16               V          (-2, 2, -1)          ()        1.0          0.0     1.000000
                          32    10   10      3/8           vii%2       (0, 2, -1, -4)          ()        3.0          0.0     1.000000
                          33    10   10      1/2              I6          (1, -2, -3)          ()        3.0          1.0     0.750000
                          120   41   41      1/4           @none                 <NA>        <NA>       19.0          0.0     1.000000
                          154   55   55      1/4           V65/V       (3, 0, -3, -1)          ()        4.0          1.0     0.800000
    MS3/n13op130_06.mscx  95    69   67        0           @none                 <NA>        <NA>        3.0          0.0     1.000000
                          189  143  138        0               I          (-4, 0, -3)          ()        7.0          4.0     0.636364
                          281  215  210        0           @none                 <NA>        <NA>       16.0          0.0     1.000000
                          283  217  212        0           @none                 <NA>        <NA>      176.0          0.0     1.000000
    MS3/n14op131_01.mscx  16     8    7        0            Ger6        (3, 7, 4, 13)          ()        4.0          1.0     0.800000
                          27    11   10      1/2           iio43         (3, 0, 9, 6)          ()        1.0          0.0     1.000000
                          111   34   33      1/4       viio2/iii        (-3, 6, 3, 0)          ()        5.0          0.0     1.000000
                          114   35   34      3/4               V            (5, 9, 6)          ()        5.0          3.0     0.625000
                          115   36   35      1/4              V7         (5, 9, 6, 3)          ()        2.0          0.0     1.000000
                          116   36   35      1/2           VI(6)            (0, 4, 3)          ()        2.0          1.0     0.666667
                          117   36   35      3/4              VI            (0, 4, 1)          ()        2.0          0.0     1.000000
                          136   42   41      1/4              V7         (5, 9, 6, 3)          ()        2.0          1.0     0.666667
                          138   42   41      3/4               V            (5, 9, 6)          ()        2.0          0.0     1.000000
                          139   43   42        0               i            (4, 1, 5)          ()        7.0          3.0     0.700000
                          140   44   43        0               V            (5, 9, 6)          ()        6.0          2.0     0.750000
                          166   53   52      7/8           VII.V           (6, 10, 7)          ()        1.0          0.0     1.000000
                          167   54   53        0              V6           (10, 7, 6)          ()        5.0          2.0     0.714286
                          196   61   60      3/4       viio43/ii       (-3, -6, 3, 0)          ()       11.0          0.0     1.000000
                          204   63   62        0         viio/ii           (3, 0, -3)          ()        6.0          0.0     1.000000
                          210   64   63      1/2       viio7/iii       (5, 2, -1, -4)          ()        6.0          1.0     0.857143
                          215   66   65      1/2      viio7/iii]       (5, 2, -1, -4)          ()        7.0          0.0     1.000000
                          244   83   82        0             VI2         (1, 3, 7, 4)          ()        4.0          0.0     1.000000
                          266   91   90      1/4            Ger6        (3, 7, 4, 13)          ()        2.0          1.0     0.666667
                          281   97   96        0          viio65       (1, -2, -5, 4)          ()        4.0          0.0     1.000000
                          282   97   96      1/4            III6            (7, 4, 3)          ()        3.0          1.0     0.750000
                          286   98   97      1/2              VI            (2, 6, 3)          ()        2.0          1.0     0.666667
                          325  115  114      3/4            Ger6        (3, 7, 4, 13)          ()       10.0          6.0     0.625000
    MS3/n14op131_02.mscx  22    18   16      5/8        viio2/ii      (-7, 2, -1, -4)          ()        3.0          0.0     1.000000
                          40    26   24        0           I6(4)            (1, 3, 2)          ()        2.0          0.0     1.000000
                          44    27   25        0           V6(4)            (2, 4, 3)          ()        2.0          0.0     1.000000
                          60    33   31      3/8         V6(7)/V            (8, 5, 2)          ()        2.0          1.0     0.666667
                          75    41   39      3/8            Ger6        (-1, 3, 0, 9)          ()        4.0          0.0     1.000000
                          106   61   59      3/8           V6(7)            (8, 5, 2)          ()        6.0          2.0     0.750000
                          112   63   61      3/8        viio7/ii       (3, 0, -3, -6)          ()        3.0          0.0     1.000000
                          115   64   62      3/8        viio7/ii       (3, 0, -3, -6)          ()        5.0          0.0     1.000000
                          164   94   92      3/8          I6(#7)           (6, 3, 14)          ()        6.0          1.0     0.857143
                          198  110  108      1/4           viio6           (0, -3, 3)          ()        4.0          0.0     1.000000
                          201  111  109        0           viio6           (0, -3, 3)          ()        3.0          0.0     1.000000
                          204  111  109      5/8            viio           (3, 0, -3)          ()        8.0          0.0     1.000000
                          215  118  116        0           viio2       (-6, 3, 0, -3)          ()        5.0          0.0     1.000000
                          220  120  118      3/8           @none                 <NA>        <NA>        3.0          0.0     1.000000
                          236  134  132      3/8           V6(7)            (7, 4, 1)          ()        4.0          2.0     0.666667
                          242  136  134      3/8        viio7/ii      (2, -1, -4, -7)          ()        3.0          0.0     1.000000
                          244  137  135        0        viio7/ii      (2, -1, -4, -7)          ()        5.0          0.0     1.000000
                          245  137  135      3/8        viio7/ii      (2, -1, -4, -7)          ()        2.0          0.0     1.000000
                          246  137  135      5/8         viio/ii          (2, -1, -4)          ()        4.0          0.0     1.000000
                          287  157  155      3/8        #viio/ii            (8, 5, 2)          ()        4.0          1.0     0.800000
                          289  160  158        0          IV6(2)            (4, 1, 2)          ()        4.0          1.0     0.800000
                          308  169  167      5/8             It6           (-2, 2, 8)          ()        3.0          0.0     1.000000
    MS3/n14op131_04.mscx  37    22   21        0              vi            (6, 3, 7)          ()        2.0          1.0     0.666667
                          56    30   29        0              vi            (6, 3, 7)          ()        2.0          1.0     0.666667
                          113   55   54      1/8          V65/vi        (11, 8, 5, 7)          ()        3.0          1.0     0.750000
                          132   63   62      1/8          V43/vi        (8, 5, 7, 11)          ()        7.0          4.0     0.636364
                          133   63   62     7/32             vi6            (3, 7, 6)          ()        3.0          1.0     0.750000
                          197   94   93      1/2           @none                 <NA>        <NA>       72.0          0.0     1.000000
                          204  101  100      1/4         IV43/IV        (2, -1, 1, 5)          ()        6.0          2.0     0.750000
                          206  102  101      1/4           @none                 <NA>        <NA>       18.0          0.0     1.000000
                          211  105  104      1/2               V            (4, 8, 5)          ()        4.0          2.0     0.666667
                          214  107  106        0          ii6(4)            (4, 6, 5)          ()        2.0          0.0     1.000000
                          244  117  116      1/2             vii            (8, 5, 9)          ()        4.0          2.0     0.666667
                          247  118  117      1/2               I            (3, 7, 4)          ()        4.0          2.0     0.666667
                          265  123  122      1/2           @none                 <NA>        <NA>       10.0          0.0     1.000000
                          273  125  124      1/2            vii2         (6, 8, 5, 9)          ()       10.0          3.0     0.769231
                          396  174  173      1/4              VI           (6, 10, 7)          ()        1.0          0.0     1.000000
                          434  191  189        1       #vio7/iii        (10, 7, 4, 1)          ()        5.0          0.0     1.000000
                          481  202  200        2           vii%7         (8, 5, 2, 6)          ()        8.0          0.0     1.000000
                          526  212  210      3/2         V(4)/ii            (6, 5, 7)          ()        2.0          1.0     0.666667
                          528  213  211      1/4           V+/ii          (6, 10, 14)          ()        3.0          0.0     1.000000
                          539  214  212      3/4           @none                 <NA>        <NA>       26.0          0.0     1.000000
                          569  219  217      3/2          V65(4)         (3, 5, 2, 4)          ()        2.0          1.0     0.666667
    MS3/n14op131_05.mscx  96    86   85      3/4           @none                 <NA>        <NA>       35.0          0.0     1.000000
                          307  252  251      1/2           @none                 <NA>        <NA>       37.0          0.0     1.000000
                          571  478  477        0           V(62)            (7, 9, 8)          ()        5.0          3.0     0.625000
    MS3/n14op131_07.mscx  20    23   22        0          i6(#5)           (4, 15, 7)          ()        4.0          1.0     0.800000
                          30    27   26        0          i6(#5)           (4, 15, 7)          ()        4.0          1.0     0.800000
                          37    29   28        0             V\\           (8, 12, 9)          ()       10.0          0.0     1.000000
                          42    33   32        0             V43        (9, 6, 8, 12)          ()        4.0          2.0     0.666667
                          126   97   96      1/2       vii.viio7       (3, 0, -3, -6)          ()       13.0          0.0     1.000000
                          237  184  183        0         iv.V(2)           (2, 11, 8)          ()        7.0          4.0     0.636364
                          240  186  185        0          i6(#5)           (3, 14, 6)          ()        3.0          1.0     0.750000
    MS3/n15op132_01.mscx  52    27   27        0           i6(4)            (2, 4, 3)          ()        2.0          1.0     0.666667
                          53    27   27      1/4              i6            (0, 4, 3)          ()        3.0          1.0     0.750000
                          200   89   89      1/4               I            (0, 4, 1)          ()        3.0          1.0     0.750000
                          207   92   92        0           III.I            (0, 4, 1)          ()        2.0          0.0     1.000000
                          210   94   94        0             I64            (1, 0, 4)          ()        8.0          4.0     0.666667
                          429  181  181        0              I6            (4, 1, 0)          ()        8.0          4.0     0.666667
                          518  218  218      1/2               V            (4, 8, 5)          ()        5.0          3.0     0.625000
                          531  221  221      1/4           #iio7        (12, 9, 6, 3)          ()        4.0          0.0     1.000000
                          532  221  221     7/16           V/III            (1, 5, 2)          ()        6.0          2.0     0.750000
                          553  229  229        0         V64/III           (9, 8, 12)          ()       12.0          0.0     1.000000
                          566  236  236        0              VI           (6, 10, 7)          ()       52.0          0.0     1.000000
                          577  241  241      1/2           VI(4)            (6, 5, 7)          ()       11.0          1.0     0.916667
                          578  241  241    15/16              VI           (6, 10, 7)          ()        2.0          0.0     1.000000
                          590  247  247        0            VI64           (7, 6, 10)          ()       12.0          0.0     1.000000
                          596  251  251      3/4       viio7/III        (12, 9, 6, 3)          ()        7.0          0.0     1.000000
                          597  252  252      1/8             III           (7, 11, 8)          ()        8.0          0.0     1.000000
    MS3/n15op132_02.mscx  40    23   22      1/4               V            (5, 9, 6)          ()        4.0          0.0     1.000000
                          292  122  116      1/4               V            (4, 8, 5)          ()        4.0          2.0     0.666667
                          327  143  136        0              ii            (5, 2, 6)          ()        4.0          2.0     0.666667
                          336  147  140        0              ii            (5, 2, 6)          ()        4.0          2.0     0.666667
                          347  154  147      1/2               I            (4, 8, 5)          ()        4.0          1.0     0.800000
                          393  192  185      1/2           @none                 <NA>        <NA>       12.0          0.0     1.000000
                          436  214  207        0           @none                 <NA>        <NA>        8.0          0.0     1.000000
                          442  222  215        0           @none                 <NA>        <NA>        3.0          0.0     1.000000
    MS3/n15op132_03.mscx  196   86   85      3/4              I6            (4, 1, 0)          ()        2.0          1.0     0.666667
                          252  104  103        0              V6            (5, 2, 1)          ()        2.0          1.0     0.666667
                          471  197  196      1/2              ii           (2, -1, 3)          ()       11.0          5.0     0.687500
    MS3/n15op132_04.mscx  34    10   10      1/2               V            (5, 9, 6)          ()        4.0          0.0     1.000000
                          35    10   10      5/8           @none                 <NA>        <NA>        4.0          0.0     1.000000
    MS3/n15op132_05.mscx  109   51   51      1/4           @none                 <NA>        <NA>        8.0          0.0     1.000000
                          132   62   62        0           IV(6)            (3, 7, 6)          ()        4.0          1.0     0.800000
                          141   69   69      1/2           viio7      (2, -1, -4, -7)          ()        2.0          1.0     0.666667
                          179   91   91        0          V43(6)         (0, 2, 4, 8)          ()        2.0          0.0     1.000000
                          241  133  133        0             ii6           (-1, 3, 2)          ()        7.0          4.0     0.636364
                          249  135  135        0              ii           (2, -1, 3)          ()        7.0          4.0     0.636364
                          259  137  137        0           @none                 <NA>        <NA>        3.0          0.0     1.000000
                          261  137  137      1/4           @none                 <NA>        <NA>        3.0          0.0     1.000000
                          399  203  203      5/8             bi7     (-4, -7, -3, -6)          ()        3.0          1.0     0.750000
                          483  254  254      1/4          viio/V            (6, 3, 0)          ()        3.0          0.0     1.000000
                          586  309  309        0    #viio6(2)/ii            (7, 4, 5)          ()        3.0          1.0     0.750000
                          587  309  309      1/4       #viio6/ii           (7, 4, 10)          ()        1.0          0.0     1.000000
                          594  312  312        0           viio6            (5, 2, 8)          ()        4.0          2.0     0.666667
                          615  326  326      1/4              I6            (7, 4, 3)          ()       13.0          6.0     0.684211
                          650  358  358        0       viio65/ii       (0, -3, -6, 3)          ()        6.0          2.0     0.750000
    MS3/n16op135_01.mscx  22    11   11        0           @none                 <NA>        <NA>       14.0          0.0     1.000000
                          52    35   35      1/4        #VII+/vi          (8, 12, 16)          ()        8.0          1.0     0.888889
                          121   62   62      1/4           @none                 <NA>        <NA>        5.0          0.0     1.000000
                          152   79   79      1/4      I.I[viio64           (-2, 4, 1)          ()        7.0          3.0     0.700000
                          225  110  110        0           @none                 <NA>        <NA>       58.0          0.0     1.000000
                          234  117  117        0         III(b4)        (-2, -10, -1)          ()        2.0          1.0     0.666667
                          236  117  117      1/4           @none                 <NA>        <NA>       24.0          0.0     1.000000
                          280  145  145      3/8             VII            (4, 8, 5)          ()       12.0          0.0     1.000000
                          383  190  190        0               I           (-1, 3, 0)          ()        2.0          1.0     0.666667
    MS3/n16op135_02.mscx  54    28   27      1/4              vi           (2, -1, 3)          ()        2.0          1.0     0.666667
                          226  192  190      1/4           @none                 <NA>        <NA>       40.0          0.0     1.000000
                          228  196  194      1/4           @none                 <NA>        <NA>       53.0          0.0     1.000000
                          283  229  227      1/4            vi64           (3, 2, -1)          ()        2.0          1.0     0.666667
                          291  232  230      1/4            V6/V            (5, 2, 1)          ()        3.0          1.0     0.750000
    MS3/n16op135_03.mscx  47    18   18      1/4            V/ii            (0, 4, 1)          ()        8.0          0.0     1.000000
    MS3/n16op135_04.mscx  23    14   14        0               V            (0, 4, 1)          ()        4.0          2.0     0.666667
                          66    35   35        0              vi         (-5, -8, -4)          ()        8.0          0.0     1.000000
                          70    38   38        0           viio6         (-6, -9, -3)          ()        8.0          0.0     1.000000
                          75    41   41      1/4             vi6         (-8, -4, -5)          ()        4.0          0.0     1.000000
                          76    41   41      1/2         V/iii\\          (-3, 1, -2)          ()       11.0          0.0     1.000000
                          79    46   46      1/2           viio6            (5, 2, 8)          ()        5.0          3.0     0.625000
                          161   86   86        0           @none                 <NA>        <NA>        6.0          0.0     1.000000
                          266  141  140      1/2         bVII(2)         (-1, -6, -9)          ()        3.0          1.0     0.750000
                          334  170  169        1          iiio64        (-10, -4, -7)          ()        3.0          0.0     1.000000
                          431  212  211      3/4             I.I           (-1, 3, 0)          ()        2.0          0.0     1.000000
