2020-10-28 14:57:57 WARNING  n04op18-4_04:MeasureList -- bs4_measures.py (line 161) check_measure_numbers():
	MC 45, the 1st measure of a 2nd volta, should have MN 44, not MN 45.
2020-10-28 14:57:57 WARNING  n04op18-4_04:MeasureList -- bs4_measures.py (line 161) check_measure_numbers():
	MC 94, the 1st measure of a 2nd volta, should have MN 93, not MN 94.
2020-10-28 14:57:57 WARNING  n04op18-4_04:MeasureList -- bs4_measures.py (line 161) check_measure_numbers():
	MC 103, the 1st measure of a 2nd volta, should have MN 102, not MN 103.
2020-10-28 14:57:57 WARNING  n04op18-4_04:MeasureList -- bs4_measures.py (line 172) check_measure_numbers():
	MCs 1, 10, 19, 28, 78, 85 seem to be offset from the MN's beginning but have not been excluded from barcount. Context:
	    mc  mn act_dur mc_offset  dont_count  numbering_offset
	0    1   1     1/4       3/4        <NA>              <NA>
	1    2   2       1         0        <NA>              <NA>
	8    9   9     3/4         0        <NA>              <NA>
	9   10  10     1/4       3/4        <NA>              <NA>
	10  11  11       1         0        <NA>              <NA>
	17  18  18     3/4         0        <NA>              <NA>
	18  19  19     1/4       3/4        <NA>              <NA>
	19  20  20       1         0        <NA>              <NA>
	26  27  27     3/4         0        <NA>              <NA>
	27  28  28     1/4       3/4        <NA>              <NA>
	28  29  29       1         0        <NA>              <NA>
	76  77  77     7/8         0        <NA>              <NA>
	77  78  78     1/8       7/8        <NA>              <NA>
	78  79  79       1         0        <NA>              <NA>
	83  84  84     7/8         0        <NA>              <NA>
	84  85  85     1/8       7/8        <NA>              <NA>
	85  86  86       1         0        <NA>              <NA>
