2020-10-28 14:58:14 WARNING  n10op74_03:MeasureList -- bs4_measures.py (line 549) make_offset_col():
	The incomplete MC 344 (timesig 3/4, act_dur 3/8) is completed by 1 incorrect duration (expected: 3/8):
	{345: Fraction(3, 4)}
2020-10-28 14:58:14 WARNING  n10op74_03:MeasureList -- bs4_measures.py (line 161) check_measure_numbers():
	MC 80, the 1st measure of a 2nd volta, should have MN 79, not MN 80.
2020-10-28 14:58:14 WARNING  n10op74_03:MeasureList -- bs4_measures.py (line 172) check_measure_numbers():
	MCs 1, 10, 173, 182, 343 seem to be offset from the MN's beginning but have not been excluded from barcount. Context:
	      mc   mn act_dur mc_offset  dont_count  numbering_offset
	0      1    1     3/8       3/8        <NA>              <NA>
	1      2    2     3/4         0        <NA>              <NA>
	8      9    9     3/8         0        <NA>              <NA>
	9     10   10     3/8       3/8        <NA>              <NA>
	10    11   11     3/4         0        <NA>              <NA>
	171  172  172     3/8         0        <NA>              <NA>
	172  173  173     3/8       3/8        <NA>              <NA>
	173  174  174     3/4         0        <NA>              <NA>
	180  181  181     3/8         0        <NA>              <NA>
	181  182  182     3/8       3/8        <NA>              <NA>
	182  183  183     3/4         0        <NA>              <NA>
	341  342  342     3/8         0        <NA>              <NA>
	342  343  343     3/8       3/8        <NA>              <NA>
	343  344  344     3/8         0        <NA>              <NA>
