2020-10-28 14:58:19 WARNING  n10op74_04:MeasureList -- bs4_measures.py (line 161) check_measure_numbers():
	MC 157, the 1st measure of a 2nd volta, should have MN 156, not MN 157.
2020-10-28 14:58:19 WARNING  n10op74_04:MeasureList -- bs4_measures.py (line 172) check_measure_numbers():
	MCs 1, 10, 23, 32, 45, 54, 67, 76, 89, 98, 111, 120, 133, 144 seem to be offset from the MN's beginning but have not been excluded from barcount. Context:
	      mc   mn act_dur mc_offset  dont_count  numbering_offset
	0      1    1     1/4       1/4        <NA>              <NA>
	1      2    2     1/2         0        <NA>              <NA>
	8      9    9     1/4         0        <NA>              <NA>
	9     10   10     1/4       1/4        <NA>              <NA>
	10    11   11     1/2         0        <NA>              <NA>
	21    22   22     1/4         0        <NA>              <NA>
	22    23   23     1/4       1/4        <NA>              <NA>
	23    24   24     1/2         0        <NA>              <NA>
	30    31   31     1/4         0        <NA>              <NA>
	31    32   32     1/4       1/4        <NA>              <NA>
	32    33   33     1/2         0        <NA>              <NA>
	43    44   44     1/4         0        <NA>              <NA>
	44    45   45     1/4       1/4        <NA>              <NA>
	45    46   46     1/2         0        <NA>              <NA>
	52    53   53     1/4         0        <NA>              <NA>
	53    54   54     1/4       1/4        <NA>              <NA>
	54    55   55     1/2         0        <NA>              <NA>
	65    66   66     1/4         0        <NA>              <NA>
	66    67   67     1/4       1/4        <NA>              <NA>
	67    68   68     1/2         0        <NA>              <NA>
	74    75   75     1/4         0        <NA>              <NA>
	75    76   76     1/4       1/4        <NA>              <NA>
	76    77   77     1/2         0        <NA>              <NA>
	87    88   88     1/4         0        <NA>              <NA>
	88    89   89     1/4       1/4        <NA>              <NA>
	89    90   90     1/2         0        <NA>              <NA>
	96    97   97     1/4         0        <NA>              <NA>
	97    98   98     1/4       1/4        <NA>              <NA>
	98    99   99     1/2         0        <NA>              <NA>
	109  110  110     1/4         0        <NA>              <NA>
	110  111  111     1/4       1/4        <NA>              <NA>
	111  112  112     1/2         0        <NA>              <NA>
	118  119  119     1/4         0        <NA>              <NA>
	119  120  120     1/4       1/4        <NA>              <NA>
	120  121  121     1/2         0        <NA>              <NA>
	131  132  132     1/4         0        <NA>              <NA>
	132  133  133     1/4       1/4        <NA>              <NA>
	133  134  134     1/2         0        <NA>              <NA>
	142  143  143     1/4         0        <NA>              <NA>
	143  144  144     1/4       1/4        <NA>              <NA>
	144  145  145     1/2         0        <NA>              <NA>
