2020-11-02 16:43:06 WARNING  n05op18-5_03:MeasureList -- bs4_measures.py (line 186) check_measure_numbers():
	MC 72, the 1st measure of a 2nd volta, should have MN 71, not MN 72.
2020-11-02 16:43:06 WARNING  n05op18-5_03:MeasureList -- bs4_measures.py (line 186) check_measure_numbers():
	MC 100, the 1st measure of a 2nd volta, should have MN 99, not MN 100.
2020-11-02 16:43:06 WARNING  n05op18-5_03:MeasureList -- bs4_measures.py (line 186) check_measure_numbers():
	MC 109, the 1st measure of a 2nd volta, should have MN 108, not MN 109.
2020-11-02 16:43:06 WARNING  n05op18-5_03:MeasureList -- bs4_measures.py (line 197) check_measure_numbers():
	MCs 1, 10, 19, 28, 37, 46, 55, 73, 82, 91 seem to be offset from the MN's beginning but have not been excluded from barcount. Context:
	    mc  mn act_dur mc_offset  dont_count  numbering_offset
	0    1   1     1/8       3/8        <NA>              <NA>
	1    2   2     1/2         0        <NA>              <NA>
	8    9   9     3/8         0        <NA>              <NA>
	9   10  10     1/8       3/8        <NA>              <NA>
	10  11  11     1/2         0        <NA>              <NA>
	17  18  18     3/8         0        <NA>              <NA>
	18  19  19     1/8       3/8        <NA>              <NA>
	19  20  20     1/2         0        <NA>              <NA>
	26  27  27     3/8         0        <NA>              <NA>
	27  28  28     1/8       3/8        <NA>              <NA>
	28  29  29     1/2         0        <NA>              <NA>
	35  36  36     3/8         0        <NA>              <NA>
	36  37  37     1/8       3/8        <NA>              <NA>
	37  38  38     1/2         0        <NA>              <NA>
	44  45  45     3/8         0        <NA>              <NA>
	45  46  46     1/8       3/8        <NA>              <NA>
	46  47  47     1/2         0        <NA>              <NA>
	53  54  54     3/8         0        <NA>              <NA>
	54  55  55     1/8       3/8        <NA>              <NA>
	55  56  56     1/2         0        <NA>              <NA>
	71  72  72     3/8         0        <NA>              <NA>
	72  73  73     1/8       3/8        <NA>              <NA>
	73  74  74     1/2         0        <NA>              <NA>
	80  81  81     3/8         0        <NA>              <NA>
	81  82  82     1/8       3/8        <NA>              <NA>
	82  83  83     1/2         0        <NA>              <NA>
	89  90  90     3/8         0        <NA>              <NA>
	90  91  91     1/8       3/8        <NA>              <NA>
	91  92  92     1/2         0        <NA>              <NA>
