2020-11-02 16:44:00 INFO     Parse -- parse.py (line 810) parse_mscx():
	All 70 files have been parsed successfully.
2020-11-02 16:44:09 INFO     Parse -- parse.py (line 969) store_lists():
	notes have been stored as /home/hentsche/ABC/notes/n01op18-1_01.tsv.
	notes have been stored as /home/hentsche/ABC/notes/n01op18-1_02.tsv.
	notes have been stored as /home/hentsche/ABC/notes/n01op18-1_03.tsv.
	notes have been stored as /home/hentsche/ABC/notes/n01op18-1_04.tsv.
	notes have been stored as /home/hentsche/ABC/notes/n02op18-2_01.tsv.
	notes have been stored as /home/hentsche/ABC/notes/n02op18-2_02.tsv.
	notes have been stored as /home/hentsche/ABC/notes/n02op18-2_03.tsv.
	notes have been stored as /home/hentsche/ABC/notes/n02op18-2_04.tsv.
	notes have been stored as /home/hentsche/ABC/notes/n03op18-3_01.tsv.
	notes have been stored as /home/hentsche/ABC/notes/n03op18-3_02.tsv.
	notes have been stored as /home/hentsche/ABC/notes/n03op18-3_03.tsv.
	notes have been stored as /home/hentsche/ABC/notes/n03op18-3_04.tsv.
	notes have been stored as /home/hentsche/ABC/notes/n04op18-4_01.tsv.
	notes have been stored as /home/hentsche/ABC/notes/n04op18-4_02.tsv.
	notes have been stored as /home/hentsche/ABC/notes/n04op18-4_03.tsv.
	notes have been stored as /home/hentsche/ABC/notes/n04op18-4_04.tsv.
	notes have been stored as /home/hentsche/ABC/notes/n05op18-5_01.tsv.
	notes have been stored as /home/hentsche/ABC/notes/n05op18-5_02.tsv.
	notes have been stored as /home/hentsche/ABC/notes/n05op18-5_03.tsv.
	notes have been stored as /home/hentsche/ABC/notes/n05op18-5_04.tsv.
	notes have been stored as /home/hentsche/ABC/notes/n06op18-6_01.tsv.
	notes have been stored as /home/hentsche/ABC/notes/n06op18-6_02.tsv.
	notes have been stored as /home/hentsche/ABC/notes/n06op18-6_03.tsv.
	notes have been stored as /home/hentsche/ABC/notes/n06op18-6_04.tsv.
	notes have been stored as /home/hentsche/ABC/notes/n07op59-1_01.tsv.
	notes have been stored as /home/hentsche/ABC/notes/n07op59-1_02.tsv.
	notes have been stored as /home/hentsche/ABC/notes/n07op59-1_03.tsv.
	notes have been stored as /home/hentsche/ABC/notes/n07op59-1_04.tsv.
	notes have been stored as /home/hentsche/ABC/notes/n08op59-2_01.tsv.
	notes have been stored as /home/hentsche/ABC/notes/n08op59-2_02.tsv.
	notes have been stored as /home/hentsche/ABC/notes/n08op59-2_03.tsv.
	notes have been stored as /home/hentsche/ABC/notes/n08op59-2_04.tsv.
	notes have been stored as /home/hentsche/ABC/notes/n09op59-3_01.tsv.
	notes have been stored as /home/hentsche/ABC/notes/n09op59-3_02.tsv.
	notes have been stored as /home/hentsche/ABC/notes/n09op59-3_03.tsv.
	notes have been stored as /home/hentsche/ABC/notes/n09op59-3_04.tsv.
	notes have been stored as /home/hentsche/ABC/notes/n10op74_01.tsv.
	notes have been stored as /home/hentsche/ABC/notes/n10op74_02.tsv.
	notes have been stored as /home/hentsche/ABC/notes/n10op74_03.tsv.
	notes have been stored as /home/hentsche/ABC/notes/n10op74_04.tsv.
	notes have been stored as /home/hentsche/ABC/notes/n11op95_01.tsv.
	notes have been stored as /home/hentsche/ABC/notes/n11op95_02.tsv.
	notes have been stored as /home/hentsche/ABC/notes/n11op95_03.tsv.
	notes have been stored as /home/hentsche/ABC/notes/n11op95_04.tsv.
	notes have been stored as /home/hentsche/ABC/notes/n12op127_01.tsv.
	notes have been stored as /home/hentsche/ABC/notes/n12op127_02.tsv.
	notes have been stored as /home/hentsche/ABC/notes/n12op127_03.tsv.
	notes have been stored as /home/hentsche/ABC/notes/n12op127_04.tsv.
	notes have been stored as /home/hentsche/ABC/notes/n13op130_01.tsv.
	notes have been stored as /home/hentsche/ABC/notes/n13op130_02.tsv.
	notes have been stored as /home/hentsche/ABC/notes/n13op130_03.tsv.
	notes have been stored as /home/hentsche/ABC/notes/n13op130_04.tsv.
	notes have been stored as /home/hentsche/ABC/notes/n13op130_05.tsv.
	notes have been stored as /home/hentsche/ABC/notes/n13op130_06.tsv.
	notes have been stored as /home/hentsche/ABC/notes/n14op131_01.tsv.
	notes have been stored as /home/hentsche/ABC/notes/n14op131_02.tsv.
	notes have been stored as /home/hentsche/ABC/notes/n14op131_03.tsv.
	notes have been stored as /home/hentsche/ABC/notes/n14op131_04.tsv.
	notes have been stored as /home/hentsche/ABC/notes/n14op131_05.tsv.
	notes have been stored as /home/hentsche/ABC/notes/n14op131_06.tsv.
	notes have been stored as /home/hentsche/ABC/notes/n14op131_07.tsv.
	notes have been stored as /home/hentsche/ABC/notes/n15op132_01.tsv.
	notes have been stored as /home/hentsche/ABC/notes/n15op132_02.tsv.
	notes have been stored as /home/hentsche/ABC/notes/n15op132_03.tsv.
	notes have been stored as /home/hentsche/ABC/notes/n15op132_04.tsv.
	notes have been stored as /home/hentsche/ABC/notes/n15op132_05.tsv.
	notes have been stored as /home/hentsche/ABC/notes/n16op135_01.tsv.
	notes have been stored as /home/hentsche/ABC/notes/n16op135_02.tsv.
	notes have been stored as /home/hentsche/ABC/notes/n16op135_03.tsv.
	notes have been stored as /home/hentsche/ABC/notes/n16op135_04.tsv.
	measures have been stored as /home/hentsche/ABC/measures/n01op18-1_01.tsv.
	measures have been stored as /home/hentsche/ABC/measures/n01op18-1_02.tsv.
	measures have been stored as /home/hentsche/ABC/measures/n01op18-1_03.tsv.
	measures have been stored as /home/hentsche/ABC/measures/n01op18-1_04.tsv.
	measures have been stored as /home/hentsche/ABC/measures/n02op18-2_01.tsv.
	measures have been stored as /home/hentsche/ABC/measures/n02op18-2_02.tsv.
	measures have been stored as /home/hentsche/ABC/measures/n02op18-2_03.tsv.
	measures have been stored as /home/hentsche/ABC/measures/n02op18-2_04.tsv.
	measures have been stored as /home/hentsche/ABC/measures/n03op18-3_01.tsv.
	measures have been stored as /home/hentsche/ABC/measures/n03op18-3_02.tsv.
	measures have been stored as /home/hentsche/ABC/measures/n03op18-3_03.tsv.
	measures have been stored as /home/hentsche/ABC/measures/n03op18-3_04.tsv.
	measures have been stored as /home/hentsche/ABC/measures/n04op18-4_01.tsv.
	measures have been stored as /home/hentsche/ABC/measures/n04op18-4_02.tsv.
	measures have been stored as /home/hentsche/ABC/measures/n04op18-4_03.tsv.
	measures have been stored as /home/hentsche/ABC/measures/n04op18-4_04.tsv.
	measures have been stored as /home/hentsche/ABC/measures/n05op18-5_01.tsv.
	measures have been stored as /home/hentsche/ABC/measures/n05op18-5_02.tsv.
	measures have been stored as /home/hentsche/ABC/measures/n05op18-5_03.tsv.
	measures have been stored as /home/hentsche/ABC/measures/n05op18-5_04.tsv.
	measures have been stored as /home/hentsche/ABC/measures/n06op18-6_01.tsv.
	measures have been stored as /home/hentsche/ABC/measures/n06op18-6_02.tsv.
	measures have been stored as /home/hentsche/ABC/measures/n06op18-6_03.tsv.
	measures have been stored as /home/hentsche/ABC/measures/n06op18-6_04.tsv.
	measures have been stored as /home/hentsche/ABC/measures/n07op59-1_01.tsv.
	measures have been stored as /home/hentsche/ABC/measures/n07op59-1_02.tsv.
	measures have been stored as /home/hentsche/ABC/measures/n07op59-1_03.tsv.
	measures have been stored as /home/hentsche/ABC/measures/n07op59-1_04.tsv.
	measures have been stored as /home/hentsche/ABC/measures/n08op59-2_01.tsv.
	measures have been stored as /home/hentsche/ABC/measures/n08op59-2_02.tsv.
	measures have been stored as /home/hentsche/ABC/measures/n08op59-2_03.tsv.
	measures have been stored as /home/hentsche/ABC/measures/n08op59-2_04.tsv.
	measures have been stored as /home/hentsche/ABC/measures/n09op59-3_01.tsv.
	measures have been stored as /home/hentsche/ABC/measures/n09op59-3_02.tsv.
	measures have been stored as /home/hentsche/ABC/measures/n09op59-3_03.tsv.
	measures have been stored as /home/hentsche/ABC/measures/n09op59-3_04.tsv.
	measures have been stored as /home/hentsche/ABC/measures/n10op74_01.tsv.
	measures have been stored as /home/hentsche/ABC/measures/n10op74_02.tsv.
	measures have been stored as /home/hentsche/ABC/measures/n10op74_03.tsv.
	measures have been stored as /home/hentsche/ABC/measures/n10op74_04.tsv.
	measures have been stored as /home/hentsche/ABC/measures/n11op95_01.tsv.
	measures have been stored as /home/hentsche/ABC/measures/n11op95_02.tsv.
	measures have been stored as /home/hentsche/ABC/measures/n11op95_03.tsv.
	measures have been stored as /home/hentsche/ABC/measures/n11op95_04.tsv.
	measures have been stored as /home/hentsche/ABC/measures/n12op127_01.tsv.
	measures have been stored as /home/hentsche/ABC/measures/n12op127_02.tsv.
	measures have been stored as /home/hentsche/ABC/measures/n12op127_03.tsv.
	measures have been stored as /home/hentsche/ABC/measures/n12op127_04.tsv.
	measures have been stored as /home/hentsche/ABC/measures/n13op130_01.tsv.
	measures have been stored as /home/hentsche/ABC/measures/n13op130_02.tsv.
	measures have been stored as /home/hentsche/ABC/measures/n13op130_03.tsv.
	measures have been stored as /home/hentsche/ABC/measures/n13op130_04.tsv.
	measures have been stored as /home/hentsche/ABC/measures/n13op130_05.tsv.
	measures have been stored as /home/hentsche/ABC/measures/n13op130_06.tsv.
	measures have been stored as /home/hentsche/ABC/measures/n14op131_01.tsv.
	measures have been stored as /home/hentsche/ABC/measures/n14op131_02.tsv.
	measures have been stored as /home/hentsche/ABC/measures/n14op131_03.tsv.
	measures have been stored as /home/hentsche/ABC/measures/n14op131_04.tsv.
	measures have been stored as /home/hentsche/ABC/measures/n14op131_05.tsv.
	measures have been stored as /home/hentsche/ABC/measures/n14op131_06.tsv.
	measures have been stored as /home/hentsche/ABC/measures/n14op131_07.tsv.
	measures have been stored as /home/hentsche/ABC/measures/n15op132_01.tsv.
	measures have been stored as /home/hentsche/ABC/measures/n15op132_02.tsv.
	measures have been stored as /home/hentsche/ABC/measures/n15op132_03.tsv.
	measures have been stored as /home/hentsche/ABC/measures/n15op132_04.tsv.
	measures have been stored as /home/hentsche/ABC/measures/n15op132_05.tsv.
	measures have been stored as /home/hentsche/ABC/measures/n16op135_01.tsv.
	measures have been stored as /home/hentsche/ABC/measures/n16op135_02.tsv.
	measures have been stored as /home/hentsche/ABC/measures/n16op135_03.tsv.
	measures have been stored as /home/hentsche/ABC/measures/n16op135_04.tsv.
	expanded have been stored as /home/hentsche/ABC/harmonies/n01op18-1_01.tsv.
	expanded have been stored as /home/hentsche/ABC/harmonies/n01op18-1_02.tsv.
	expanded have been stored as /home/hentsche/ABC/harmonies/n01op18-1_03.tsv.
	expanded have been stored as /home/hentsche/ABC/harmonies/n01op18-1_04.tsv.
	expanded have been stored as /home/hentsche/ABC/harmonies/n02op18-2_02.tsv.
	expanded have been stored as /home/hentsche/ABC/harmonies/n02op18-2_03.tsv.
	expanded have been stored as /home/hentsche/ABC/harmonies/n02op18-2_04.tsv.
	expanded have been stored as /home/hentsche/ABC/harmonies/n03op18-3_01.tsv.
	expanded have been stored as /home/hentsche/ABC/harmonies/n03op18-3_02.tsv.
	expanded have been stored as /home/hentsche/ABC/harmonies/n03op18-3_03.tsv.
	expanded have been stored as /home/hentsche/ABC/harmonies/n04op18-4_01.tsv.
	expanded have been stored as /home/hentsche/ABC/harmonies/n04op18-4_02.tsv.
	expanded have been stored as /home/hentsche/ABC/harmonies/n04op18-4_03.tsv.
	expanded have been stored as /home/hentsche/ABC/harmonies/n04op18-4_04.tsv.
	expanded have been stored as /home/hentsche/ABC/harmonies/n05op18-5_01.tsv.
	expanded have been stored as /home/hentsche/ABC/harmonies/n05op18-5_02.tsv.
	expanded have been stored as /home/hentsche/ABC/harmonies/n05op18-5_03.tsv.
	expanded have been stored as /home/hentsche/ABC/harmonies/n05op18-5_04.tsv.
	expanded have been stored as /home/hentsche/ABC/harmonies/n06op18-6_01.tsv.
	expanded have been stored as /home/hentsche/ABC/harmonies/n06op18-6_02.tsv.
	expanded have been stored as /home/hentsche/ABC/harmonies/n06op18-6_03.tsv.
	expanded have been stored as /home/hentsche/ABC/harmonies/n06op18-6_04.tsv.
	expanded have been stored as /home/hentsche/ABC/harmonies/n07op59-1_01.tsv.
	expanded have been stored as /home/hentsche/ABC/harmonies/n07op59-1_03.tsv.
	expanded have been stored as /home/hentsche/ABC/harmonies/n07op59-1_04.tsv.
	expanded have been stored as /home/hentsche/ABC/harmonies/n08op59-2_01.tsv.
	expanded have been stored as /home/hentsche/ABC/harmonies/n08op59-2_02.tsv.
	expanded have been stored as /home/hentsche/ABC/harmonies/n08op59-2_03.tsv.
	expanded have been stored as /home/hentsche/ABC/harmonies/n08op59-2_04.tsv.
	expanded have been stored as /home/hentsche/ABC/harmonies/n09op59-3_01.tsv.
	expanded have been stored as /home/hentsche/ABC/harmonies/n09op59-3_02.tsv.
	expanded have been stored as /home/hentsche/ABC/harmonies/n09op59-3_03.tsv.
	expanded have been stored as /home/hentsche/ABC/harmonies/n09op59-3_04.tsv.
	expanded have been stored as /home/hentsche/ABC/harmonies/n10op74_01.tsv.
	expanded have been stored as /home/hentsche/ABC/harmonies/n10op74_02.tsv.
	expanded have been stored as /home/hentsche/ABC/harmonies/n11op95_01.tsv.
	expanded have been stored as /home/hentsche/ABC/harmonies/n11op95_02.tsv.
	expanded have been stored as /home/hentsche/ABC/harmonies/n11op95_03.tsv.
	expanded have been stored as /home/hentsche/ABC/harmonies/n11op95_04.tsv.
	expanded have been stored as /home/hentsche/ABC/harmonies/n12op127_01.tsv.
	expanded have been stored as /home/hentsche/ABC/harmonies/n12op127_02.tsv.
	expanded have been stored as /home/hentsche/ABC/harmonies/n12op127_03.tsv.
	expanded have been stored as /home/hentsche/ABC/harmonies/n12op127_04.tsv.
	expanded have been stored as /home/hentsche/ABC/harmonies/n13op130_01.tsv.
	expanded have been stored as /home/hentsche/ABC/harmonies/n13op130_02.tsv.
	expanded have been stored as /home/hentsche/ABC/harmonies/n13op130_03.tsv.
	expanded have been stored as /home/hentsche/ABC/harmonies/n13op130_04.tsv.
	expanded have been stored as /home/hentsche/ABC/harmonies/n13op130_05.tsv.
	expanded have been stored as /home/hentsche/ABC/harmonies/n14op131_01.tsv.
	expanded have been stored as /home/hentsche/ABC/harmonies/n14op131_02.tsv.
	expanded have been stored as /home/hentsche/ABC/harmonies/n14op131_03.tsv.
	expanded have been stored as /home/hentsche/ABC/harmonies/n14op131_04.tsv.
	expanded have been stored as /home/hentsche/ABC/harmonies/n14op131_05.tsv.
	expanded have been stored as /home/hentsche/ABC/harmonies/n14op131_06.tsv.
	expanded have been stored as /home/hentsche/ABC/harmonies/n14op131_07.tsv.
	expanded have been stored as /home/hentsche/ABC/harmonies/n15op132_01.tsv.
	expanded have been stored as /home/hentsche/ABC/harmonies/n15op132_02.tsv.
	expanded have been stored as /home/hentsche/ABC/harmonies/n15op132_03.tsv.
	expanded have been stored as /home/hentsche/ABC/harmonies/n15op132_04.tsv.
	expanded have been stored as /home/hentsche/ABC/harmonies/n15op132_05.tsv.
	expanded have been stored as /home/hentsche/ABC/harmonies/n16op135_01.tsv.
	expanded have been stored as /home/hentsche/ABC/harmonies/n16op135_02.tsv.
	expanded have been stored as /home/hentsche/ABC/harmonies/n16op135_03.tsv.
	expanded have been stored as /home/hentsche/ABC/harmonies/n16op135_04.tsv.
	
	All 204 have been written.
